<!DOCTYPE html PUBLIC "-//W3C//DTD XHTML 1.1//EN" "https://www.w3.org/TR/xhtml11/DTD/xhtml11.dtd">
<html xmlns="https://www.w3.org/1999/xhtml">
<head>
<meta http-equiv="content-type" content="text/html; charset=UTF-8"/>
<title>TestNG Report</title>
<style type="text/css">table {margin-bottom:10px;border-collapse:collapse;empty-cells:show}th,td {border:1px solid #009;padding:.25em .5em}th {vertical-align:bottom}td {vertical-align:top}table a {font-weight:bold}.stripe td {background-color: #E6EBF9}.num {text-align:right}.passedodd td {background-color: #3F3}.passedeven td {background-color: #0A0}.skippedodd td {background-color: #DDD}.skippedeven td {background-color: #CCC}.failedodd td,.attn {background-color: #F33}.failedeven td,.stripe .attn {background-color: #D00}.stacktrace {white-space:pre;font-family:monospace}.totop {font-size:85%;text-align:center;border-bottom:2px solid #000}.invisible {display:none}</style>
</head>
<body>
<table>
<tr><th>Test</th><th># Passed</th><th># Skipped</th><th># Retried</th><th># Failed</th><th>Time (ms)</th><th>Included Groups</th><th>Excluded Groups</th></tr>
<tr><th colspan="8">HandMadeCraft Demo Application Suite </th></tr>
<tr><td><a href="#t0">HandMadeCraft Demo Application testcases</a></td><td class="num">1</td><td class="num attn">11</td><td class="num">0</td><td class="num attn">10</td><td class="num">176,821</td><td></td><td></td></tr>
</table>
<table id='summary'><thead><tr><th>Class</th><th>Method</th><th>Start</th><th>Time (ms)</th></tr></thead><tbody><tr><th colspan="4">HandMadeCraft Demo Application Suite </th></tr></tbody><tbody id="t0"><tr><th colspan="4">HandMadeCraft Demo Application testcases &#8212; failed</th></tr><tr class="failedeven"><td rowspan="1">selenium.com.testcases.CartPageTest</td><td><a href="#m0">verifyTheProductInCart</a></td><td rowspan="1">1721818586473</td><td rowspan="1">20133</td></tr><tr class="failedodd"><td rowspan="1">selenium.com.testcases.CheckOutPageTest</td><td><a href="#m1">verifyShippingAndBillingAdressIsSelected</a></td><td rowspan="1">1721818606714</td><td rowspan="1">20040</td></tr><tr class="failedeven"><td rowspan="3">selenium.com.testcases.HomePageTest</td><td><a href="#m2">navigateToOurShopPage</a></td><td rowspan="1">1721818525275</td><td rowspan="1">10078</td></tr><tr class="failedeven"><td><a href="#m3">verifyHeadingAtNavBar</a></td><td rowspan="1">1721818515099</td><td rowspan="1">10061</td></tr><tr class="failedeven"><td><a href="#m4">verifyLogoAtNavBar</a></td><td rowspan="1">1721818494833</td><td rowspan="1">20102</td></tr><tr class="failedodd"><td rowspan="1">selenium.com.testcases.LoginPageTest</td><td><a href="#m5">login</a></td><td rowspan="1">1721818483697</td><td rowspan="1">10914</td></tr><tr class="failedeven"><td rowspan="1">selenium.com.testcases.OrderConfirmationPageTest</td><td><a href="#m6">verifySuccessMessage</a></td><td rowspan="1">1721818647136</td><td rowspan="1">10108</td></tr><tr class="failedodd"><td rowspan="1">selenium.com.testcases.OurShopPageTest</td><td><a href="#m7">navigateToProductDetailPage</a></td><td rowspan="1">1721818535493</td><td rowspan="1">30598</td></tr><tr class="failedeven"><td rowspan="1">selenium.com.testcases.PDPPageTest</td><td><a href="#m8">verifyTheProductName</a></td><td rowspan="1">1721818566220</td><td rowspan="1">20089</td></tr><tr class="failedodd"><td rowspan="1">selenium.com.testcases.PaymentPageTest</td><td><a href="#m9">enterPaymentDetails</a></td><td rowspan="1">1721818626890</td><td rowspan="1">20129</td></tr><tr><th colspan="4">HandMadeCraft Demo Application testcases &#8212; skipped</th></tr><tr class="skippedeven"><td rowspan="1">selenium.com.testcases.CartPageTest</td><td><a href="#m10">navigateToCheckOutPage</a></td><td rowspan="1">1721818606708</td><td rowspan="1">0</td></tr><tr class="skippedodd"><td rowspan="5">selenium.com.testcases.CheckOutPageTest</td><td><a href="#m11">continueToDispatch</a></td><td rowspan="1">1721818626874</td><td rowspan="1">0</td></tr><tr class="skippedodd"><td><a href="#m12">continueToReviewOrder</a></td><td rowspan="1">1721818626874</td><td rowspan="1">0</td></tr><tr class="skippedodd"><td><a href="#m13">navigateToMakePayementPage</a></td><td rowspan="1">1721818626890</td><td rowspan="1">0</td></tr><tr class="skippedodd"><td><a href="#m14">verifyShippingAndBillingAddress</a></td><td rowspan="1">1721818626874</td><td rowspan="1">0</td></tr><tr class="skippedodd"><td><a href="#m15">verifyShippingMethodIsSelected</a></td><td rowspan="1">1721818626874</td><td rowspan="1">0</td></tr><tr class="skippedeven"><td rowspan="4">selenium.com.testcases.PDPPageTest</td><td><a href="#m16">addProductToCart</a></td><td rowspan="1">1721818586453</td><td rowspan="1">0</td></tr><tr class="skippedeven"><td><a href="#m17">chooseColourAndSize</a></td><td rowspan="1">1721818586453</td><td rowspan="1">0</td></tr><tr class="skippedeven"><td><a href="#m18">navigateToCartPage</a></td><td rowspan="1">1721818586466</td><td rowspan="1">0</td></tr><tr class="skippedeven"><td><a href="#m19">specifyTheQuantity</a></td><td rowspan="1">1721818586453</td><td rowspan="1">0</td></tr><tr class="skippedodd"><td rowspan="1">selenium.com.testcases.PaymentPageTest</td><td><a href="#m20">makePayment</a></td><td rowspan="1">1721818647128</td><td rowspan="1">0</td></tr><tr><th colspan="4">HandMadeCraft Demo Application testcases &#8212; passed</th></tr><tr class="passedeven"><td rowspan="1">selenium.com.testcases.LoginPageTest</td><td><a href="#m21">navigateToLoginPage</a></td><td rowspan="1">1721818480745</td><td rowspan="1">2642</td></tr></tbody>
</table>
<h2>HandMadeCraft Demo Application testcases</h2><h3 id="m0">selenium.com.testcases.CartPageTest#verifyTheProductInCart</h3><table class="result"><tr><th>Exception</th></tr><tr><td><div class="stacktrace">org.openqa.selenium.TimeoutException: Expected condition failed: waiting for visibility of Proxy element for: DefaultElementLocator &apos;By.id: bindNotificationBar&apos; (tried for 10 second(s) with 500 milliseconds interval)
	at org.openqa.selenium.support.ui.WebDriverWait.timeoutException(WebDriverWait.java:84)
	at org.openqa.selenium.support.ui.FluentWait.until(FluentWait.java:228)
	at selenium.com.AbstractComponent.AbstractComponent.waitForWebElementToAppear(AbstractComponent.java:21)
	at selenium.com.pageobjectModels.CartPage.verifyTheProductInCart(CartPage.java:33)
	at selenium.com.testcases.CartPageTest.verifyTheProductInCart(CartPageTest.java:29)
	at java.base/java.util.ArrayList.forEach(ArrayList.java:1596)
Caused by: org.openqa.selenium.NoSuchElementException: no such element: Unable to locate element: {&quot;method&quot;:&quot;css selector&quot;,&quot;selector&quot;:&quot;#bindNotificationBar&quot;}
  (Session info: chrome=126.0.6478.183)
For documentation on this error, please visit: https://www.selenium.dev/documentation/webdriver/troubleshooting/errors#no-such-element-exception
Build info: version: &apos;4.23.0&apos;, revision: &apos;4df0a231af&apos;
System info: os.name: &apos;Windows 11&apos;, os.arch: &apos;amd64&apos;, os.version: &apos;10.0&apos;, java.version: &apos;21.0.3&apos;
Driver info: org.openqa.selenium.chrome.ChromeDriver
Command: [93bcb955c0a68fde7bf81c701652c93e, findElement {value=bindNotificationBar, using=id}]
Capabilities {acceptInsecureCerts: false, browserName: chrome, browserVersion: 126.0.6478.183, chrome: {chromedriverVersion: 126.0.6478.182 (5b5d8292ddf..., userDataDir: C:\Users\Gagana.CM\AppData\...}, fedcm:accounts: true, goog:chromeOptions: {debuggerAddress: localhost:58614}, networkConnectionEnabled: false, pageLoadStrategy: normal, platformName: windows, proxy: Proxy(), se:cdp: ws://localhost:58614/devtoo..., se:cdpVersion: 126.0.6478.183, setWindowRect: true, strictFileInteractability: false, timeouts: {implicit: 0, pageLoad: 300000, script: 30000}, unhandledPromptBehavior: dismiss and notify, webauthn:extension:credBlob: true, webauthn:extension:largeBlob: true, webauthn:extension:minPinLength: true, webauthn:extension:prf: true, webauthn:virtualAuthenticators: true}
Session ID: 93bcb955c0a68fde7bf81c701652c93e
	at org.openqa.selenium.remote.ErrorCodec.decode(ErrorCodec.java:167)
	at org.openqa.selenium.remote.codec.w3c.W3CHttpResponseCodec.decode(W3CHttpResponseCodec.java:138)
	at org.openqa.selenium.remote.codec.w3c.W3CHttpResponseCodec.decode(W3CHttpResponseCodec.java:50)
	at org.openqa.selenium.remote.HttpCommandExecutor.execute(HttpCommandExecutor.java:190)
	at org.openqa.selenium.remote.service.DriverCommandExecutor.invokeExecute(DriverCommandExecutor.java:216)
	at org.openqa.selenium.remote.service.DriverCommandExecutor.execute(DriverCommandExecutor.java:174)
	at org.openqa.selenium.remote.RemoteWebDriver.execute(RemoteWebDriver.java:527)
	at org.openqa.selenium.remote.ElementLocation$ElementFinder$2.findElement(ElementLocation.java:165)
	at org.openqa.selenium.remote.ElementLocation.findElement(ElementLocation.java:59)
	at org.openqa.selenium.remote.RemoteWebDriver.findElement(RemoteWebDriver.java:357)
	at org.openqa.selenium.remote.RemoteWebDriver.findElement(RemoteWebDriver.java:351)
	at org.openqa.selenium.support.pagefactory.DefaultElementLocator.findElement(DefaultElementLocator.java:68)
	at org.openqa.selenium.support.pagefactory.internal.LocatingElementHandler.invoke(LocatingElementHandler.java:38)
	at jdk.proxy2/jdk.proxy2.$Proxy27.isDisplayed(Unknown Source)
	at org.openqa.selenium.support.ui.ExpectedConditions.elementIfVisible(ExpectedConditions.java:304)
	at org.openqa.selenium.support.ui.ExpectedConditions$10.apply(ExpectedConditions.java:290)
	at org.openqa.selenium.support.ui.ExpectedConditions$10.apply(ExpectedConditions.java:287)
	at org.openqa.selenium.support.ui.FluentWait.until(FluentWait.java:203)
	... 33 more
... Removed 32 stack frames</div></td></tr></table><p class="totop"><a href="#summary">back to summary</a></p>
<h3 id="m1">selenium.com.testcases.CheckOutPageTest#verifyShippingAndBillingAdressIsSelected</h3><table class="result"><tr><th>Exception</th></tr><tr><td><div class="stacktrace">org.openqa.selenium.TimeoutException: Expected condition failed: waiting for visibility of Proxy element for: DefaultElementLocator &apos;By.id: bindNotificationBar&apos; (tried for 10 second(s) with 500 milliseconds interval)
	at org.openqa.selenium.support.ui.WebDriverWait.timeoutException(WebDriverWait.java:84)
	at org.openqa.selenium.support.ui.FluentWait.until(FluentWait.java:228)
	at selenium.com.AbstractComponent.AbstractComponent.waitForWebElementToAppear(AbstractComponent.java:21)
	at selenium.com.pageobjectModels.CheckOutPage.verifyShippingRadioButtonIsSelected(CheckOutPage.java:46)
	at selenium.com.testcases.CheckOutPageTest.verifyShippingAndBillingAdressIsSelected(CheckOutPageTest.java:27)
	at java.base/java.util.ArrayList.forEach(ArrayList.java:1596)
Caused by: org.openqa.selenium.NoSuchElementException: no such element: Unable to locate element: {&quot;method&quot;:&quot;css selector&quot;,&quot;selector&quot;:&quot;#bindNotificationBar&quot;}
  (Session info: chrome=126.0.6478.183)
For documentation on this error, please visit: https://www.selenium.dev/documentation/webdriver/troubleshooting/errors#no-such-element-exception
Build info: version: &apos;4.23.0&apos;, revision: &apos;4df0a231af&apos;
System info: os.name: &apos;Windows 11&apos;, os.arch: &apos;amd64&apos;, os.version: &apos;10.0&apos;, java.version: &apos;21.0.3&apos;
Driver info: org.openqa.selenium.chrome.ChromeDriver
Command: [93bcb955c0a68fde7bf81c701652c93e, findElement {value=bindNotificationBar, using=id}]
Capabilities {acceptInsecureCerts: false, browserName: chrome, browserVersion: 126.0.6478.183, chrome: {chromedriverVersion: 126.0.6478.182 (5b5d8292ddf..., userDataDir: C:\Users\Gagana.CM\AppData\...}, fedcm:accounts: true, goog:chromeOptions: {debuggerAddress: localhost:58614}, networkConnectionEnabled: false, pageLoadStrategy: normal, platformName: windows, proxy: Proxy(), se:cdp: ws://localhost:58614/devtoo..., se:cdpVersion: 126.0.6478.183, setWindowRect: true, strictFileInteractability: false, timeouts: {implicit: 0, pageLoad: 300000, script: 30000}, unhandledPromptBehavior: dismiss and notify, webauthn:extension:credBlob: true, webauthn:extension:largeBlob: true, webauthn:extension:minPinLength: true, webauthn:extension:prf: true, webauthn:virtualAuthenticators: true}
Session ID: 93bcb955c0a68fde7bf81c701652c93e
	at org.openqa.selenium.remote.ErrorCodec.decode(ErrorCodec.java:167)
	at org.openqa.selenium.remote.codec.w3c.W3CHttpResponseCodec.decode(W3CHttpResponseCodec.java:138)
	at org.openqa.selenium.remote.codec.w3c.W3CHttpResponseCodec.decode(W3CHttpResponseCodec.java:50)
	at org.openqa.selenium.remote.HttpCommandExecutor.execute(HttpCommandExecutor.java:190)
	at org.openqa.selenium.remote.service.DriverCommandExecutor.invokeExecute(DriverCommandExecutor.java:216)
	at org.openqa.selenium.remote.service.DriverCommandExecutor.execute(DriverCommandExecutor.java:174)
	at org.openqa.selenium.remote.RemoteWebDriver.execute(RemoteWebDriver.java:527)
	at org.openqa.selenium.remote.ElementLocation$ElementFinder$2.findElement(ElementLocation.java:165)
	at org.openqa.selenium.remote.ElementLocation.findElement(ElementLocation.java:59)
	at org.openqa.selenium.remote.RemoteWebDriver.findElement(RemoteWebDriver.java:357)
	at org.openqa.selenium.remote.RemoteWebDriver.findElement(RemoteWebDriver.java:351)
	at org.openqa.selenium.support.pagefactory.DefaultElementLocator.findElement(DefaultElementLocator.java:68)
	at org.openqa.selenium.support.pagefactory.internal.LocatingElementHandler.invoke(LocatingElementHandler.java:38)
	at jdk.proxy2/jdk.proxy2.$Proxy27.isDisplayed(Unknown Source)
	at org.openqa.selenium.support.ui.ExpectedConditions.elementIfVisible(ExpectedConditions.java:304)
	at org.openqa.selenium.support.ui.ExpectedConditions$10.apply(ExpectedConditions.java:290)
	at org.openqa.selenium.support.ui.ExpectedConditions$10.apply(ExpectedConditions.java:287)
	at org.openqa.selenium.support.ui.FluentWait.until(FluentWait.java:203)
	... 33 more
... Removed 32 stack frames</div></td></tr></table><p class="totop"><a href="#summary">back to summary</a></p>
<h3 id="m2">selenium.com.testcases.HomePageTest#navigateToOurShopPage</h3><table class="result"><tr><th>Exception</th></tr><tr><td><div class="stacktrace">org.openqa.selenium.NoSuchElementException: no such element: Unable to locate element: {&quot;method&quot;:&quot;css selector&quot;,&quot;selector&quot;:&quot;a[href*=&apos;/our-shop/&apos;]&quot;}
  (Session info: chrome=126.0.6478.183)
For documentation on this error, please visit: https://www.selenium.dev/documentation/webdriver/troubleshooting/errors#no-such-element-exception
Build info: version: &apos;4.23.0&apos;, revision: &apos;4df0a231af&apos;
System info: os.name: &apos;Windows 11&apos;, os.arch: &apos;amd64&apos;, os.version: &apos;10.0&apos;, java.version: &apos;21.0.3&apos;
Driver info: org.openqa.selenium.chrome.ChromeDriver
Command: [93bcb955c0a68fde7bf81c701652c93e, findElement {value=a[href*=&apos;/our-shop/&apos;], using=css selector}]
Capabilities {acceptInsecureCerts: false, browserName: chrome, browserVersion: 126.0.6478.183, chrome: {chromedriverVersion: 126.0.6478.182 (5b5d8292ddf..., userDataDir: C:\Users\Gagana.CM\AppData\...}, fedcm:accounts: true, goog:chromeOptions: {debuggerAddress: localhost:58614}, networkConnectionEnabled: false, pageLoadStrategy: normal, platformName: windows, proxy: Proxy(), se:cdp: ws://localhost:58614/devtoo..., se:cdpVersion: 126.0.6478.183, setWindowRect: true, strictFileInteractability: false, timeouts: {implicit: 0, pageLoad: 300000, script: 30000}, unhandledPromptBehavior: dismiss and notify, webauthn:extension:credBlob: true, webauthn:extension:largeBlob: true, webauthn:extension:minPinLength: true, webauthn:extension:prf: true, webauthn:virtualAuthenticators: true}
Session ID: 93bcb955c0a68fde7bf81c701652c93e
	at org.openqa.selenium.remote.ErrorCodec.decode(ErrorCodec.java:167)
	at org.openqa.selenium.remote.codec.w3c.W3CHttpResponseCodec.decode(W3CHttpResponseCodec.java:138)
	at org.openqa.selenium.remote.codec.w3c.W3CHttpResponseCodec.decode(W3CHttpResponseCodec.java:50)
	at org.openqa.selenium.remote.HttpCommandExecutor.execute(HttpCommandExecutor.java:190)
	at org.openqa.selenium.remote.service.DriverCommandExecutor.invokeExecute(DriverCommandExecutor.java:216)
	at org.openqa.selenium.remote.service.DriverCommandExecutor.execute(DriverCommandExecutor.java:174)
	at org.openqa.selenium.remote.RemoteWebDriver.execute(RemoteWebDriver.java:527)
	at org.openqa.selenium.remote.ElementLocation$ElementFinder$2.findElement(ElementLocation.java:165)
	at org.openqa.selenium.remote.ElementLocation.findElement(ElementLocation.java:59)
	at org.openqa.selenium.remote.RemoteWebDriver.findElement(RemoteWebDriver.java:357)
	at org.openqa.selenium.remote.RemoteWebDriver.findElement(RemoteWebDriver.java:351)
	at org.openqa.selenium.support.pagefactory.DefaultElementLocator.findElement(DefaultElementLocator.java:68)
	at org.openqa.selenium.support.pagefactory.internal.LocatingElementHandler.invoke(LocatingElementHandler.java:38)
	at jdk.proxy2/jdk.proxy2.$Proxy27.click(Unknown Source)
	at selenium.com.pageobjectModels.HomePage.navigateToOurShopPage(HomePage.java:47)
	at selenium.com.testcases.HomePageTest.navigateToOurShopPage(HomePageTest.java:38)
	at java.base/java.util.ArrayList.forEach(ArrayList.java:1596)
... Removed 32 stack frames</div></td></tr></table><p class="totop"><a href="#summary">back to summary</a></p>
<h3 id="m3">selenium.com.testcases.HomePageTest#verifyHeadingAtNavBar</h3><table class="result"><tr><th>Exception</th></tr><tr><td><div class="stacktrace">org.openqa.selenium.NoSuchElementException: no such element: Unable to locate element: {&quot;method&quot;:&quot;css selector&quot;,&quot;selector&quot;:&quot;.theme-site-name.theme-disable-sitename-mobile&quot;}
  (Session info: chrome=126.0.6478.183)
For documentation on this error, please visit: https://www.selenium.dev/documentation/webdriver/troubleshooting/errors#no-such-element-exception
Build info: version: &apos;4.23.0&apos;, revision: &apos;4df0a231af&apos;
System info: os.name: &apos;Windows 11&apos;, os.arch: &apos;amd64&apos;, os.version: &apos;10.0&apos;, java.version: &apos;21.0.3&apos;
Driver info: org.openqa.selenium.chrome.ChromeDriver
Command: [93bcb955c0a68fde7bf81c701652c93e, findElement {value=.theme-site-name.theme-disable-sitename-mobile, using=css selector}]
Capabilities {acceptInsecureCerts: false, browserName: chrome, browserVersion: 126.0.6478.183, chrome: {chromedriverVersion: 126.0.6478.182 (5b5d8292ddf..., userDataDir: C:\Users\Gagana.CM\AppData\...}, fedcm:accounts: true, goog:chromeOptions: {debuggerAddress: localhost:58614}, networkConnectionEnabled: false, pageLoadStrategy: normal, platformName: windows, proxy: Proxy(), se:cdp: ws://localhost:58614/devtoo..., se:cdpVersion: 126.0.6478.183, setWindowRect: true, strictFileInteractability: false, timeouts: {implicit: 0, pageLoad: 300000, script: 30000}, unhandledPromptBehavior: dismiss and notify, webauthn:extension:credBlob: true, webauthn:extension:largeBlob: true, webauthn:extension:minPinLength: true, webauthn:extension:prf: true, webauthn:virtualAuthenticators: true}
Session ID: 93bcb955c0a68fde7bf81c701652c93e
	at org.openqa.selenium.remote.ErrorCodec.decode(ErrorCodec.java:167)
	at org.openqa.selenium.remote.codec.w3c.W3CHttpResponseCodec.decode(W3CHttpResponseCodec.java:138)
	at org.openqa.selenium.remote.codec.w3c.W3CHttpResponseCodec.decode(W3CHttpResponseCodec.java:50)
	at org.openqa.selenium.remote.HttpCommandExecutor.execute(HttpCommandExecutor.java:190)
	at org.openqa.selenium.remote.service.DriverCommandExecutor.invokeExecute(DriverCommandExecutor.java:216)
	at org.openqa.selenium.remote.service.DriverCommandExecutor.execute(DriverCommandExecutor.java:174)
	at org.openqa.selenium.remote.RemoteWebDriver.execute(RemoteWebDriver.java:527)
	at org.openqa.selenium.remote.ElementLocation$ElementFinder$2.findElement(ElementLocation.java:165)
	at org.openqa.selenium.remote.ElementLocation.findElement(ElementLocation.java:59)
	at org.openqa.selenium.remote.RemoteWebDriver.findElement(RemoteWebDriver.java:357)
	at org.openqa.selenium.remote.RemoteWebDriver.findElement(RemoteWebDriver.java:351)
	at org.openqa.selenium.support.pagefactory.DefaultElementLocator.findElement(DefaultElementLocator.java:68)
	at org.openqa.selenium.support.pagefactory.internal.LocatingElementHandler.invoke(LocatingElementHandler.java:38)
	at jdk.proxy2/jdk.proxy2.$Proxy27.isDisplayed(Unknown Source)
	at selenium.com.pageobjectModels.HomePage.verifyHeading(HomePage.java:41)
	at selenium.com.testcases.HomePageTest.verifyHeadingAtNavBar(HomePageTest.java:31)
	at java.base/java.util.ArrayList.forEach(ArrayList.java:1596)
... Removed 32 stack frames</div></td></tr></table><p class="totop"><a href="#summary">back to summary</a></p>
<h3 id="m4">selenium.com.testcases.HomePageTest#verifyLogoAtNavBar</h3><table class="result"><tr><th>Exception</th></tr><tr><td><div class="stacktrace">org.openqa.selenium.TimeoutException: Expected condition failed: waiting for visibility of Proxy element for: DefaultElementLocator &apos;By.id: bindNotificationBar&apos; (tried for 10 second(s) with 500 milliseconds interval)
	at org.openqa.selenium.support.ui.WebDriverWait.timeoutException(WebDriverWait.java:84)
	at org.openqa.selenium.support.ui.FluentWait.until(FluentWait.java:228)
	at selenium.com.AbstractComponent.AbstractComponent.waitForWebElementToAppear(AbstractComponent.java:21)
	at selenium.com.pageobjectModels.HomePage.verifylogo(HomePage.java:33)
	at selenium.com.testcases.HomePageTest.verifyLogoAtNavBar(HomePageTest.java:24)
	at java.base/java.util.ArrayList.forEach(ArrayList.java:1596)
Caused by: org.openqa.selenium.NoSuchElementException: no such element: Unable to locate element: {&quot;method&quot;:&quot;css selector&quot;,&quot;selector&quot;:&quot;#bindNotificationBar&quot;}
  (Session info: chrome=126.0.6478.183)
For documentation on this error, please visit: https://www.selenium.dev/documentation/webdriver/troubleshooting/errors#no-such-element-exception
Build info: version: &apos;4.23.0&apos;, revision: &apos;4df0a231af&apos;
System info: os.name: &apos;Windows 11&apos;, os.arch: &apos;amd64&apos;, os.version: &apos;10.0&apos;, java.version: &apos;21.0.3&apos;
Driver info: org.openqa.selenium.chrome.ChromeDriver
Command: [93bcb955c0a68fde7bf81c701652c93e, findElement {value=bindNotificationBar, using=id}]
Capabilities {acceptInsecureCerts: false, browserName: chrome, browserVersion: 126.0.6478.183, chrome: {chromedriverVersion: 126.0.6478.182 (5b5d8292ddf..., userDataDir: C:\Users\Gagana.CM\AppData\...}, fedcm:accounts: true, goog:chromeOptions: {debuggerAddress: localhost:58614}, networkConnectionEnabled: false, pageLoadStrategy: normal, platformName: windows, proxy: Proxy(), se:cdp: ws://localhost:58614/devtoo..., se:cdpVersion: 126.0.6478.183, setWindowRect: true, strictFileInteractability: false, timeouts: {implicit: 0, pageLoad: 300000, script: 30000}, unhandledPromptBehavior: dismiss and notify, webauthn:extension:credBlob: true, webauthn:extension:largeBlob: true, webauthn:extension:minPinLength: true, webauthn:extension:prf: true, webauthn:virtualAuthenticators: true}
Session ID: 93bcb955c0a68fde7bf81c701652c93e
	at org.openqa.selenium.remote.ErrorCodec.decode(ErrorCodec.java:167)
	at org.openqa.selenium.remote.codec.w3c.W3CHttpResponseCodec.decode(W3CHttpResponseCodec.java:138)
	at org.openqa.selenium.remote.codec.w3c.W3CHttpResponseCodec.decode(W3CHttpResponseCodec.java:50)
	at org.openqa.selenium.remote.HttpCommandExecutor.execute(HttpCommandExecutor.java:190)
	at org.openqa.selenium.remote.service.DriverCommandExecutor.invokeExecute(DriverCommandExecutor.java:216)
	at org.openqa.selenium.remote.service.DriverCommandExecutor.execute(DriverCommandExecutor.java:174)
	at org.openqa.selenium.remote.RemoteWebDriver.execute(RemoteWebDriver.java:527)
	at org.openqa.selenium.remote.ElementLocation$ElementFinder$2.findElement(ElementLocation.java:165)
	at org.openqa.selenium.remote.ElementLocation.findElement(ElementLocation.java:59)
	at org.openqa.selenium.remote.RemoteWebDriver.findElement(RemoteWebDriver.java:357)
	at org.openqa.selenium.remote.RemoteWebDriver.findElement(RemoteWebDriver.java:351)
	at org.openqa.selenium.support.pagefactory.DefaultElementLocator.findElement(DefaultElementLocator.java:68)
	at org.openqa.selenium.support.pagefactory.internal.LocatingElementHandler.invoke(LocatingElementHandler.java:38)
	at jdk.proxy2/jdk.proxy2.$Proxy27.isDisplayed(Unknown Source)
	at org.openqa.selenium.support.ui.ExpectedConditions.elementIfVisible(ExpectedConditions.java:304)
	at org.openqa.selenium.support.ui.ExpectedConditions$10.apply(ExpectedConditions.java:290)
	at org.openqa.selenium.support.ui.ExpectedConditions$10.apply(ExpectedConditions.java:287)
	at org.openqa.selenium.support.ui.FluentWait.until(FluentWait.java:203)
	... 33 more
... Removed 32 stack frames</div></td></tr></table><p class="totop"><a href="#summary">back to summary</a></p>
<h3 id="m5">selenium.com.testcases.LoginPageTest#login</h3><table class="result"><tr><th>Exception</th></tr><tr><td><div class="stacktrace">org.openqa.selenium.TimeoutException: Expected condition failed: waiting for visibility of [[ChromeDriver: chrome on windows (93bcb955c0a68fde7bf81c701652c93e)] -&gt; id: password] (tried for 10 second(s) with 500 milliseconds interval)
Build info: version: &apos;4.23.0&apos;, revision: &apos;4df0a231af&apos;
System info: os.name: &apos;Windows 11&apos;, os.arch: &apos;amd64&apos;, os.version: &apos;10.0&apos;, java.version: &apos;21.0.3&apos;
Driver info: org.openqa.selenium.chrome.ChromeDriver
Capabilities {acceptInsecureCerts: false, browserName: chrome, browserVersion: 126.0.6478.183, chrome: {chromedriverVersion: 126.0.6478.182 (5b5d8292ddf..., userDataDir: C:\Users\Gagana.CM\AppData\...}, fedcm:accounts: true, goog:chromeOptions: {debuggerAddress: localhost:58614}, networkConnectionEnabled: false, pageLoadStrategy: normal, platformName: windows, proxy: Proxy(), se:cdp: ws://localhost:58614/devtoo..., se:cdpVersion: 126.0.6478.183, setWindowRect: true, strictFileInteractability: false, timeouts: {implicit: 0, pageLoad: 300000, script: 30000}, unhandledPromptBehavior: dismiss and notify, webauthn:extension:credBlob: true, webauthn:extension:largeBlob: true, webauthn:extension:minPinLength: true, webauthn:extension:prf: true, webauthn:virtualAuthenticators: true}
Session ID: 93bcb955c0a68fde7bf81c701652c93e
	at org.openqa.selenium.support.ui.WebDriverWait.timeoutException(WebDriverWait.java:84)
	at org.openqa.selenium.support.ui.FluentWait.until(FluentWait.java:228)
	at selenium.com.AbstractComponent.AbstractComponent.waitForWebElementToAppear(AbstractComponent.java:21)
	at selenium.com.pageobjectModels.LoginPage.login(LoginPage.java:49)
	at selenium.com.testcases.LoginPageTest.login(LoginPageTest.java:22)
	at java.base/java.util.ArrayList.forEach(ArrayList.java:1596)
... Removed 29 stack frames</div></td></tr></table><p class="totop"><a href="#summary">back to summary</a></p>
<h3 id="m6">selenium.com.testcases.OrderConfirmationPageTest#verifySuccessMessage</h3><table class="result"><tr><th>Exception</th></tr><tr><td><div class="stacktrace">org.openqa.selenium.NoSuchElementException: no such element: Unable to locate element: {&quot;method&quot;:&quot;xpath&quot;,&quot;selector&quot;:&quot;//div[@class=&apos;theme-payment-success-message&apos;]/h3&quot;}
  (Session info: chrome=126.0.6478.183)
For documentation on this error, please visit: https://www.selenium.dev/documentation/webdriver/troubleshooting/errors#no-such-element-exception
Build info: version: &apos;4.23.0&apos;, revision: &apos;4df0a231af&apos;
System info: os.name: &apos;Windows 11&apos;, os.arch: &apos;amd64&apos;, os.version: &apos;10.0&apos;, java.version: &apos;21.0.3&apos;
Driver info: org.openqa.selenium.chrome.ChromeDriver
Command: [93bcb955c0a68fde7bf81c701652c93e, findElement {value=//div[@class=&apos;theme-payment-success-message&apos;]/h3, using=xpath}]
Capabilities {acceptInsecureCerts: false, browserName: chrome, browserVersion: 126.0.6478.183, chrome: {chromedriverVersion: 126.0.6478.182 (5b5d8292ddf..., userDataDir: C:\Users\Gagana.CM\AppData\...}, fedcm:accounts: true, goog:chromeOptions: {debuggerAddress: localhost:58614}, networkConnectionEnabled: false, pageLoadStrategy: normal, platformName: windows, proxy: Proxy(), se:cdp: ws://localhost:58614/devtoo..., se:cdpVersion: 126.0.6478.183, setWindowRect: true, strictFileInteractability: false, timeouts: {implicit: 0, pageLoad: 300000, script: 30000}, unhandledPromptBehavior: dismiss and notify, webauthn:extension:credBlob: true, webauthn:extension:largeBlob: true, webauthn:extension:minPinLength: true, webauthn:extension:prf: true, webauthn:virtualAuthenticators: true}
Session ID: 93bcb955c0a68fde7bf81c701652c93e
	at org.openqa.selenium.remote.ErrorCodec.decode(ErrorCodec.java:167)
	at org.openqa.selenium.remote.codec.w3c.W3CHttpResponseCodec.decode(W3CHttpResponseCodec.java:138)
	at org.openqa.selenium.remote.codec.w3c.W3CHttpResponseCodec.decode(W3CHttpResponseCodec.java:50)
	at org.openqa.selenium.remote.HttpCommandExecutor.execute(HttpCommandExecutor.java:190)
	at org.openqa.selenium.remote.service.DriverCommandExecutor.invokeExecute(DriverCommandExecutor.java:216)
	at org.openqa.selenium.remote.service.DriverCommandExecutor.execute(DriverCommandExecutor.java:174)
	at org.openqa.selenium.remote.RemoteWebDriver.execute(RemoteWebDriver.java:527)
	at org.openqa.selenium.remote.ElementLocation$ElementFinder$2.findElement(ElementLocation.java:165)
	at org.openqa.selenium.remote.ElementLocation.findElement(ElementLocation.java:59)
	at org.openqa.selenium.remote.RemoteWebDriver.findElement(RemoteWebDriver.java:357)
	at org.openqa.selenium.remote.RemoteWebDriver.findElement(RemoteWebDriver.java:351)
	at org.openqa.selenium.support.pagefactory.DefaultElementLocator.findElement(DefaultElementLocator.java:68)
	at org.openqa.selenium.support.pagefactory.internal.LocatingElementHandler.invoke(LocatingElementHandler.java:38)
	at jdk.proxy2/jdk.proxy2.$Proxy27.getText(Unknown Source)
	at selenium.com.pageobjectModels.OrderConFirmationPage.verifySuccessMsg(OrderConFirmationPage.java:24)
	at selenium.com.testcases.OrderConfirmationPageTest.verifySuccessMessage(OrderConfirmationPageTest.java:26)
	at java.base/java.util.ArrayList.forEach(ArrayList.java:1596)
... Removed 32 stack frames</div></td></tr></table><p class="totop"><a href="#summary">back to summary</a></p>
<h3 id="m7">selenium.com.testcases.OurShopPageTest#navigateToProductDetailPage</h3><table class="result"><tr><th>Exception</th></tr><tr><td><div class="stacktrace">org.openqa.selenium.TimeoutException: Expected condition failed: waiting for visibility of all [] (tried for 10 second(s) with 500 milliseconds interval)
Build info: version: &apos;4.23.0&apos;, revision: &apos;4df0a231af&apos;
System info: os.name: &apos;Windows 11&apos;, os.arch: &apos;amd64&apos;, os.version: &apos;10.0&apos;, java.version: &apos;21.0.3&apos;
Driver info: org.openqa.selenium.chrome.ChromeDriver
Capabilities {acceptInsecureCerts: false, browserName: chrome, browserVersion: 126.0.6478.183, chrome: {chromedriverVersion: 126.0.6478.182 (5b5d8292ddf..., userDataDir: C:\Users\Gagana.CM\AppData\...}, fedcm:accounts: true, goog:chromeOptions: {debuggerAddress: localhost:58614}, networkConnectionEnabled: false, pageLoadStrategy: normal, platformName: windows, proxy: Proxy(), se:cdp: ws://localhost:58614/devtoo..., se:cdpVersion: 126.0.6478.183, setWindowRect: true, strictFileInteractability: false, timeouts: {implicit: 0, pageLoad: 300000, script: 30000}, unhandledPromptBehavior: dismiss and notify, webauthn:extension:credBlob: true, webauthn:extension:largeBlob: true, webauthn:extension:minPinLength: true, webauthn:extension:prf: true, webauthn:virtualAuthenticators: true}
Session ID: 93bcb955c0a68fde7bf81c701652c93e
	at org.openqa.selenium.support.ui.WebDriverWait.timeoutException(WebDriverWait.java:84)
	at org.openqa.selenium.support.ui.FluentWait.until(FluentWait.java:228)
	at selenium.com.AbstractComponent.AbstractComponent.waitForWebElementsToAppear(AbstractComponent.java:26)
	at selenium.com.pageobjectModels.OurShopPage.getProduct(OurShopPage.java:34)
	at selenium.com.pageobjectModels.OurShopPage.navigateToProductDetailPage(OurShopPage.java:43)
	at selenium.com.testcases.OurShopPageTest.navigateToProductDetailPage(OurShopPageTest.java:28)
	at java.base/java.util.ArrayList.forEach(ArrayList.java:1596)
... Removed 29 stack frames</div></td></tr></table><p class="totop"><a href="#summary">back to summary</a></p>
<h3 id="m8">selenium.com.testcases.PDPPageTest#verifyTheProductName</h3><table class="result"><tr><th>Exception</th></tr><tr><td><div class="stacktrace">org.openqa.selenium.TimeoutException: Expected condition failed: waiting for visibility of Proxy element for: DefaultElementLocator &apos;By.cssSelector: div[class=&apos;theme-product-name&apos;] h1&apos; (tried for 10 second(s) with 500 milliseconds interval)
	at org.openqa.selenium.support.ui.WebDriverWait.timeoutException(WebDriverWait.java:84)
	at org.openqa.selenium.support.ui.FluentWait.until(FluentWait.java:228)
	at selenium.com.AbstractComponent.AbstractComponent.waitForWebElementToAppear(AbstractComponent.java:21)
	at selenium.com.pageobjectModels.PDPPage.verifyTheProductDisplayed(PDPPage.java:39)
	at selenium.com.testcases.PDPPageTest.verifyTheProductName(PDPPageTest.java:29)
	at java.base/java.util.ArrayList.forEach(ArrayList.java:1596)
Caused by: org.openqa.selenium.NoSuchElementException: no such element: Unable to locate element: {&quot;method&quot;:&quot;css selector&quot;,&quot;selector&quot;:&quot;div[class=&apos;theme-product-name&apos;] h1&quot;}
  (Session info: chrome=126.0.6478.183)
For documentation on this error, please visit: https://www.selenium.dev/documentation/webdriver/troubleshooting/errors#no-such-element-exception
Build info: version: &apos;4.23.0&apos;, revision: &apos;4df0a231af&apos;
System info: os.name: &apos;Windows 11&apos;, os.arch: &apos;amd64&apos;, os.version: &apos;10.0&apos;, java.version: &apos;21.0.3&apos;
Driver info: org.openqa.selenium.chrome.ChromeDriver
Command: [93bcb955c0a68fde7bf81c701652c93e, findElement {value=div[class=&apos;theme-product-name&apos;] h1, using=css selector}]
Capabilities {acceptInsecureCerts: false, browserName: chrome, browserVersion: 126.0.6478.183, chrome: {chromedriverVersion: 126.0.6478.182 (5b5d8292ddf..., userDataDir: C:\Users\Gagana.CM\AppData\...}, fedcm:accounts: true, goog:chromeOptions: {debuggerAddress: localhost:58614}, networkConnectionEnabled: false, pageLoadStrategy: normal, platformName: windows, proxy: Proxy(), se:cdp: ws://localhost:58614/devtoo..., se:cdpVersion: 126.0.6478.183, setWindowRect: true, strictFileInteractability: false, timeouts: {implicit: 0, pageLoad: 300000, script: 30000}, unhandledPromptBehavior: dismiss and notify, webauthn:extension:credBlob: true, webauthn:extension:largeBlob: true, webauthn:extension:minPinLength: true, webauthn:extension:prf: true, webauthn:virtualAuthenticators: true}
Session ID: 93bcb955c0a68fde7bf81c701652c93e
	at org.openqa.selenium.remote.ErrorCodec.decode(ErrorCodec.java:167)
	at org.openqa.selenium.remote.codec.w3c.W3CHttpResponseCodec.decode(W3CHttpResponseCodec.java:138)
	at org.openqa.selenium.remote.codec.w3c.W3CHttpResponseCodec.decode(W3CHttpResponseCodec.java:50)
	at org.openqa.selenium.remote.HttpCommandExecutor.execute(HttpCommandExecutor.java:190)
	at org.openqa.selenium.remote.service.DriverCommandExecutor.invokeExecute(DriverCommandExecutor.java:216)
	at org.openqa.selenium.remote.service.DriverCommandExecutor.execute(DriverCommandExecutor.java:174)
	at org.openqa.selenium.remote.RemoteWebDriver.execute(RemoteWebDriver.java:527)
	at org.openqa.selenium.remote.ElementLocation$ElementFinder$2.findElement(ElementLocation.java:165)
	at org.openqa.selenium.remote.ElementLocation.findElement(ElementLocation.java:59)
	at org.openqa.selenium.remote.RemoteWebDriver.findElement(RemoteWebDriver.java:357)
	at org.openqa.selenium.remote.RemoteWebDriver.findElement(RemoteWebDriver.java:351)
	at org.openqa.selenium.support.pagefactory.DefaultElementLocator.findElement(DefaultElementLocator.java:68)
	at org.openqa.selenium.support.pagefactory.internal.LocatingElementHandler.invoke(LocatingElementHandler.java:38)
	at jdk.proxy2/jdk.proxy2.$Proxy27.isDisplayed(Unknown Source)
	at org.openqa.selenium.support.ui.ExpectedConditions.elementIfVisible(ExpectedConditions.java:304)
	at org.openqa.selenium.support.ui.ExpectedConditions$10.apply(ExpectedConditions.java:290)
	at org.openqa.selenium.support.ui.ExpectedConditions$10.apply(ExpectedConditions.java:287)
	at org.openqa.selenium.support.ui.FluentWait.until(FluentWait.java:203)
	... 33 more
... Removed 32 stack frames</div></td></tr></table><p class="totop"><a href="#summary">back to summary</a></p>
<h3 id="m9">selenium.com.testcases.PaymentPageTest#enterPaymentDetails</h3><table class="result"><tr><th>Exception</th></tr><tr><td><div class="stacktrace">org.openqa.selenium.TimeoutException: Expected condition failed: waiting for visibility of Proxy element for: DefaultElementLocator &apos;By.xpath: //input[@autocomplete=&apos;cc-number&apos;]&apos; (tried for 10 second(s) with 500 milliseconds interval)
	at org.openqa.selenium.support.ui.WebDriverWait.timeoutException(WebDriverWait.java:84)
	at org.openqa.selenium.support.ui.FluentWait.until(FluentWait.java:228)
	at selenium.com.AbstractComponent.AbstractComponent.waitForWebElementToAppear(AbstractComponent.java:21)
	at selenium.com.pageobjectModels.PaymentPage.enterPaymentDetails(PaymentPage.java:44)
	at selenium.com.testcases.PaymentPageTest.enterPaymentDetails(PaymentPageTest.java:38)
	at java.base/java.util.ArrayList.forEach(ArrayList.java:1596)
Caused by: org.openqa.selenium.NoSuchElementException: no such element: Unable to locate element: {&quot;method&quot;:&quot;xpath&quot;,&quot;selector&quot;:&quot;//input[@autocomplete=&apos;cc-number&apos;]&quot;}
  (Session info: chrome=126.0.6478.183)
For documentation on this error, please visit: https://www.selenium.dev/documentation/webdriver/troubleshooting/errors#no-such-element-exception
Build info: version: &apos;4.23.0&apos;, revision: &apos;4df0a231af&apos;
System info: os.name: &apos;Windows 11&apos;, os.arch: &apos;amd64&apos;, os.version: &apos;10.0&apos;, java.version: &apos;21.0.3&apos;
Driver info: org.openqa.selenium.chrome.ChromeDriver
Command: [93bcb955c0a68fde7bf81c701652c93e, findElement {value=//input[@autocomplete=&apos;cc-number&apos;], using=xpath}]
Capabilities {acceptInsecureCerts: false, browserName: chrome, browserVersion: 126.0.6478.183, chrome: {chromedriverVersion: 126.0.6478.182 (5b5d8292ddf..., userDataDir: C:\Users\Gagana.CM\AppData\...}, fedcm:accounts: true, goog:chromeOptions: {debuggerAddress: localhost:58614}, networkConnectionEnabled: false, pageLoadStrategy: normal, platformName: windows, proxy: Proxy(), se:cdp: ws://localhost:58614/devtoo..., se:cdpVersion: 126.0.6478.183, setWindowRect: true, strictFileInteractability: false, timeouts: {implicit: 0, pageLoad: 300000, script: 30000}, unhandledPromptBehavior: dismiss and notify, webauthn:extension:credBlob: true, webauthn:extension:largeBlob: true, webauthn:extension:minPinLength: true, webauthn:extension:prf: true, webauthn:virtualAuthenticators: true}
Session ID: 93bcb955c0a68fde7bf81c701652c93e
	at org.openqa.selenium.remote.ErrorCodec.decode(ErrorCodec.java:167)
	at org.openqa.selenium.remote.codec.w3c.W3CHttpResponseCodec.decode(W3CHttpResponseCodec.java:138)
	at org.openqa.selenium.remote.codec.w3c.W3CHttpResponseCodec.decode(W3CHttpResponseCodec.java:50)
	at org.openqa.selenium.remote.HttpCommandExecutor.execute(HttpCommandExecutor.java:190)
	at org.openqa.selenium.remote.service.DriverCommandExecutor.invokeExecute(DriverCommandExecutor.java:216)
	at org.openqa.selenium.remote.service.DriverCommandExecutor.execute(DriverCommandExecutor.java:174)
	at org.openqa.selenium.remote.RemoteWebDriver.execute(RemoteWebDriver.java:527)
	at org.openqa.selenium.remote.ElementLocation$ElementFinder$2.findElement(ElementLocation.java:165)
	at org.openqa.selenium.remote.ElementLocation.findElement(ElementLocation.java:59)
	at org.openqa.selenium.remote.RemoteWebDriver.findElement(RemoteWebDriver.java:357)
	at org.openqa.selenium.remote.RemoteWebDriver.findElement(RemoteWebDriver.java:351)
	at org.openqa.selenium.support.pagefactory.DefaultElementLocator.findElement(DefaultElementLocator.java:68)
	at org.openqa.selenium.support.pagefactory.internal.LocatingElementHandler.invoke(LocatingElementHandler.java:38)
	at jdk.proxy2/jdk.proxy2.$Proxy27.isDisplayed(Unknown Source)
	at org.openqa.selenium.support.ui.ExpectedConditions.elementIfVisible(ExpectedConditions.java:304)
	at org.openqa.selenium.support.ui.ExpectedConditions$10.apply(ExpectedConditions.java:290)
	at org.openqa.selenium.support.ui.ExpectedConditions$10.apply(ExpectedConditions.java:287)
	at org.openqa.selenium.support.ui.FluentWait.until(FluentWait.java:203)
	... 33 more
... Removed 32 stack frames</div></td></tr></table><p class="totop"><a href="#summary">back to summary</a></p>
<h3 id="m10">selenium.com.testcases.CartPageTest#navigateToCheckOutPage</h3><table class="result"><tr><th>Exception</th></tr><tr><td><div class="stacktrace">java.lang.Throwable: Method selenium.com.testcases.CartPageTest.navigateToCheckOutPage() on instance selenium.com.testcases.CartPageTest@3e7dd664 depends on not successfully finished methods 
[selenium.com.testcases.CartPageTest.verifyTheProductInCart() on instance selenium.com.testcases.CartPageTest@3e7dd664]
	at java.base/java.util.ArrayList.forEach(ArrayList.java:1596)
... Removed 22 stack frames</div></td></tr></table><p class="totop"><a href="#summary">back to summary</a></p>
<h3 id="m11">selenium.com.testcases.CheckOutPageTest#continueToDispatch</h3><table class="result"><tr><th>Exception</th></tr><tr><td><div class="stacktrace">java.lang.Throwable: Method selenium.com.testcases.CheckOutPageTest.continueToDispatch() on instance selenium.com.testcases.CheckOutPageTest@5b1ebf56 depends on not successfully finished methods 
[selenium.com.testcases.CheckOutPageTest.verifyShippingAndBillingAdressIsSelected() on instance selenium.com.testcases.CheckOutPageTest@5b1ebf56]
	at java.base/java.util.ArrayList.forEach(ArrayList.java:1596)
... Removed 22 stack frames</div></td></tr></table><p class="totop"><a href="#summary">back to summary</a></p>
<h3 id="m12">selenium.com.testcases.CheckOutPageTest#continueToReviewOrder</h3><table class="result"><tr><th>Exception</th></tr><tr><td><div class="stacktrace">java.lang.Throwable: Method selenium.com.testcases.CheckOutPageTest.continueToReviewOrder() on instance selenium.com.testcases.CheckOutPageTest@5b1ebf56 depends on not successfully finished methods 
[selenium.com.testcases.CheckOutPageTest.verifyShippingMethodIsSelected() on instance selenium.com.testcases.CheckOutPageTest@5b1ebf56]
	at java.base/java.util.ArrayList.forEach(ArrayList.java:1596)
... Removed 22 stack frames</div></td></tr></table><p class="totop"><a href="#summary">back to summary</a></p>
<h3 id="m13">selenium.com.testcases.CheckOutPageTest#navigateToMakePayementPage</h3><table class="result"><tr><th>Exception</th></tr><tr><td><div class="stacktrace">java.lang.Throwable: Method selenium.com.testcases.CheckOutPageTest.navigateToMakePayementPage() on instance selenium.com.testcases.CheckOutPageTest@5b1ebf56 depends on not successfully finished methods 
[selenium.com.testcases.CheckOutPageTest.continueToReviewOrder() on instance selenium.com.testcases.CheckOutPageTest@5b1ebf56]
	at java.base/java.util.ArrayList.forEach(ArrayList.java:1596)
... Removed 22 stack frames</div></td></tr></table><p class="totop"><a href="#summary">back to summary</a></p>
<h3 id="m14">selenium.com.testcases.CheckOutPageTest#verifyShippingAndBillingAddress</h3><table class="result"><tr><th>Exception</th></tr><tr><td><div class="stacktrace">java.lang.Throwable: Method selenium.com.testcases.CheckOutPageTest.verifyShippingAndBillingAddress() on instance selenium.com.testcases.CheckOutPageTest@5b1ebf56 depends on not successfully finished methods 
[selenium.com.testcases.CheckOutPageTest.continueToDispatch() on instance selenium.com.testcases.CheckOutPageTest@5b1ebf56]
	at java.base/java.util.ArrayList.forEach(ArrayList.java:1596)
... Removed 22 stack frames</div></td></tr></table><p class="totop"><a href="#summary">back to summary</a></p>
<h3 id="m15">selenium.com.testcases.CheckOutPageTest#verifyShippingMethodIsSelected</h3><table class="result"><tr><th>Exception</th></tr><tr><td><div class="stacktrace">java.lang.Throwable: Method selenium.com.testcases.CheckOutPageTest.verifyShippingMethodIsSelected() on instance selenium.com.testcases.CheckOutPageTest@5b1ebf56 depends on not successfully finished methods 
[selenium.com.testcases.CheckOutPageTest.verifyShippingAndBillingAddress() on instance selenium.com.testcases.CheckOutPageTest@5b1ebf56]
	at java.base/java.util.ArrayList.forEach(ArrayList.java:1596)
... Removed 22 stack frames</div></td></tr></table><p class="totop"><a href="#summary">back to summary</a></p>
<h3 id="m16">selenium.com.testcases.PDPPageTest#addProductToCart</h3><table class="result"><tr><th>Exception</th></tr><tr><td><div class="stacktrace">java.lang.Throwable: Method selenium.com.testcases.PDPPageTest.addProductToCart() on instance selenium.com.testcases.PDPPageTest@71c27ee8 depends on not successfully finished methods 
[selenium.com.testcases.PDPPageTest.specifyTheQuantity() on instance selenium.com.testcases.PDPPageTest@71c27ee8]
	at java.base/java.util.ArrayList.forEach(ArrayList.java:1596)
... Removed 22 stack frames</div></td></tr></table><p class="totop"><a href="#summary">back to summary</a></p>
<h3 id="m17">selenium.com.testcases.PDPPageTest#chooseColourAndSize</h3><table class="result"><tr><th>Exception</th></tr><tr><td><div class="stacktrace">java.lang.Throwable: Method selenium.com.testcases.PDPPageTest.chooseColourAndSize() on instance selenium.com.testcases.PDPPageTest@71c27ee8 depends on not successfully finished methods 
[selenium.com.testcases.PDPPageTest.verifyTheProductName() on instance selenium.com.testcases.PDPPageTest@71c27ee8]
	at java.base/java.util.ArrayList.forEach(ArrayList.java:1596)
... Removed 22 stack frames</div></td></tr></table><p class="totop"><a href="#summary">back to summary</a></p>
<h3 id="m18">selenium.com.testcases.PDPPageTest#navigateToCartPage</h3><table class="result"><tr><th>Exception</th></tr><tr><td><div class="stacktrace">java.lang.Throwable: Method selenium.com.testcases.PDPPageTest.navigateToCartPage() on instance selenium.com.testcases.PDPPageTest@71c27ee8 depends on not successfully finished methods 
[selenium.com.testcases.PDPPageTest.addProductToCart() on instance selenium.com.testcases.PDPPageTest@71c27ee8]
	at java.base/java.util.ArrayList.forEach(ArrayList.java:1596)
... Removed 22 stack frames</div></td></tr></table><p class="totop"><a href="#summary">back to summary</a></p>
<h3 id="m19">selenium.com.testcases.PDPPageTest#specifyTheQuantity</h3><table class="result"><tr><th>Exception</th></tr><tr><td><div class="stacktrace">java.lang.Throwable: Method selenium.com.testcases.PDPPageTest.specifyTheQuantity() on instance selenium.com.testcases.PDPPageTest@71c27ee8 depends on not successfully finished methods 
[selenium.com.testcases.PDPPageTest.chooseColourAndSize() on instance selenium.com.testcases.PDPPageTest@71c27ee8]
	at java.base/java.util.ArrayList.forEach(ArrayList.java:1596)
... Removed 22 stack frames</div></td></tr></table><p class="totop"><a href="#summary">back to summary</a></p>
<h3 id="m20">selenium.com.testcases.PaymentPageTest#makePayment</h3><table class="result"><tr><th>Exception</th></tr><tr><td><div class="stacktrace">java.lang.Throwable: Method selenium.com.testcases.PaymentPageTest.makePayment() on instance selenium.com.testcases.PaymentPageTest@294a6b8e depends on not successfully finished methods 
[selenium.com.testcases.PaymentPageTest.enterPaymentDetails() on instance selenium.com.testcases.PaymentPageTest@294a6b8e]
	at java.base/java.util.ArrayList.forEach(ArrayList.java:1596)
... Removed 22 stack frames</div></td></tr></table><p class="totop"><a href="#summary">back to summary</a></p>
<h3 id="m21">selenium.com.testcases.LoginPageTest#navigateToLoginPage</h3><table class="result"><tr><th class="invisible"/></tr></table><p class="totop"><a href="#summary">back to summary</a></p>
</body>
</html>
