<!DOCTYPE html>

<html>
  <head>
  <meta charset='utf-8'>
  <title>TestNG reports</title>

    <link type="text/css" href="testng-reports1.css" rel="stylesheet" id="ultra" />
    <link type="text/css" href="testng-reports.css" rel="stylesheet" id="retro" disabled="false"/>
    <script type="text/javascript" src="jquery-3.6.0.min.js"></script>
    <script type="text/javascript" src="testng-reports.js"></script>
    <script type="text/javascript" src="https://www.google.com/jsapi"></script>
    <script type='text/javascript'>
      google.load('visualization', '1', {packages:['table']});
      google.setOnLoadCallback(drawTable);
      var suiteTableInitFunctions = new Array();
      var suiteTableData = new Array();
    </script>
    <!--
      <script type="text/javascript" src="jquery-ui/js/jquery-ui-1.8.16.custom.min.js"></script>
     -->
  </head>

  <body>    <div class="top-banner-root">
      <span class="top-banner-title-font">Test results</span>
      <button id="button" class="button">Switch Retro Theme</button> <!-- button -->
      <br/>
      <span class="top-banner-font-1">1 suite, 10 failed tests</span>
    </div> <!-- top-banner-root -->
    <div class="navigator-root">
      <div class="navigator-suite-header">
        <span>All suites</span>
        <a href="#" title="Collapse/expand all the suites" class="collapse-all-link">
          <img src="collapseall.gif" class="collapse-all-icon">
          </img> <!-- collapse-all-icon -->
        </a> <!-- collapse-all-link -->
      </div> <!-- navigator-suite-header -->
      <div class="suite">
        <div class="rounded-window">
          <div class="suite-header light-rounded-window-top">
            <a href="#" panel-name="suite-HandMadeCraft_Demo_Application_Suite_" class="navigator-link">
              <span class="suite-name border-failed">HandMadeCraft Demo Application Suite </span>
            </a> <!-- navigator-link -->
          </div> <!-- suite-header light-rounded-window-top -->
          <div class="navigator-suite-content">
            <div class="suite-section-title">
              <span>Info</span>
            </div> <!-- suite-section-title -->
            <div class="suite-section-content">
              <ul>
                <li>
                  <a href="#" panel-name="test-xml-HandMadeCraft_Demo_Application_Suite_" class="navigator-link ">
                    <span>D:\Selenium Frameworks\SeleniumFramework\TestSuite\testng.xml</span>
                  </a> <!-- navigator-link  -->
                </li>
                <li>
                  <a href="#" panel-name="testlist-HandMadeCraft_Demo_Application_Suite_" class="navigator-link ">
                    <span class="test-stats">1 test</span>
                  </a> <!-- navigator-link  -->
                </li>
                <li>
                  <a href="#" panel-name="group-HandMadeCraft_Demo_Application_Suite_" class="navigator-link ">
                    <span>0 groups</span>
                  </a> <!-- navigator-link  -->
                </li>
                <li>
                  <a href="#" panel-name="times-HandMadeCraft_Demo_Application_Suite_" class="navigator-link ">
                    <span>Times</span>
                  </a> <!-- navigator-link  -->
                </li>
                <li>
                  <a href="#" panel-name="reporter-HandMadeCraft_Demo_Application_Suite_" class="navigator-link ">
                    <span>Reporter output</span>
                  </a> <!-- navigator-link  -->
                </li>
                <li>
                  <a href="#" panel-name="ignored-methods-HandMadeCraft_Demo_Application_Suite_" class="navigator-link ">
                    <span>Ignored methods</span>
                  </a> <!-- navigator-link  -->
                </li>
                <li>
                  <a href="#" panel-name="chronological-HandMadeCraft_Demo_Application_Suite_" class="navigator-link ">
                    <span>Chronological view</span>
                  </a> <!-- navigator-link  -->
                </li>
              </ul>
            </div> <!-- suite-section-content -->
            <div class="result-section">
              <div class="suite-section-title">
                <span>Results</span>
              </div> <!-- suite-section-title -->
              <div class="suite-section-content">
                <ul>
                  <li>
                    <span class="method-stats">22 methods, 10 failed,  11 skipped,  1 passed</span>
                  </li>
                  <li>
                    <span class="method-list-title failed">Failed methods</span>
                    <span class="show-or-hide-methods failed">
                      <a href="#" panel-name="suite-HandMadeCraft_Demo_Application_Suite_" class="hide-methods failed suite-HandMadeCraft_Demo_Application_Suite_"> (hide)</a> <!-- hide-methods failed suite-HandMadeCraft_Demo_Application_Suite_ -->
                      <a href="#" panel-name="suite-HandMadeCraft_Demo_Application_Suite_" class="show-methods failed suite-HandMadeCraft_Demo_Application_Suite_"> (show)</a> <!-- show-methods failed suite-HandMadeCraft_Demo_Application_Suite_ -->
                    </span>
                    <div class="method-list-content failed suite-HandMadeCraft_Demo_Application_Suite_">
                      <span>
                        <img src="failed.png" width="3%"/>
                        <a href="#" panel-name="suite-HandMadeCraft_Demo_Application_Suite_" title="selenium.com.testcases.PaymentPageTest" class="method navigator-link" hash-for-method="enterPaymentDetails">enterPaymentDetails</a> <!-- method navigator-link -->
                      </span>
                      <br/>
                      <span>
                        <img src="failed.png" width="3%"/>
                        <a href="#" panel-name="suite-HandMadeCraft_Demo_Application_Suite_" title="selenium.com.testcases.LoginPageTest" class="method navigator-link" hash-for-method="login">login</a> <!-- method navigator-link -->
                      </span>
                      <br/>
                      <span>
                        <img src="failed.png" width="3%"/>
                        <a href="#" panel-name="suite-HandMadeCraft_Demo_Application_Suite_" title="selenium.com.testcases.HomePageTest" class="method navigator-link" hash-for-method="navigateToOurShopPage">navigateToOurShopPage</a> <!-- method navigator-link -->
                      </span>
                      <br/>
                      <span>
                        <img src="failed.png" width="3%"/>
                        <a href="#" panel-name="suite-HandMadeCraft_Demo_Application_Suite_" title="selenium.com.testcases.OurShopPageTest" class="method navigator-link" hash-for-method="navigateToProductDetailPage">navigateToProductDetailPage</a> <!-- method navigator-link -->
                      </span>
                      <br/>
                      <span>
                        <img src="failed.png" width="3%"/>
                        <a href="#" panel-name="suite-HandMadeCraft_Demo_Application_Suite_" title="selenium.com.testcases.HomePageTest" class="method navigator-link" hash-for-method="verifyHeadingAtNavBar">verifyHeadingAtNavBar</a> <!-- method navigator-link -->
                      </span>
                      <br/>
                      <span>
                        <img src="failed.png" width="3%"/>
                        <a href="#" panel-name="suite-HandMadeCraft_Demo_Application_Suite_" title="selenium.com.testcases.HomePageTest" class="method navigator-link" hash-for-method="verifyLogoAtNavBar">verifyLogoAtNavBar</a> <!-- method navigator-link -->
                      </span>
                      <br/>
                      <span>
                        <img src="failed.png" width="3%"/>
                        <a href="#" panel-name="suite-HandMadeCraft_Demo_Application_Suite_" title="selenium.com.testcases.CheckOutPageTest" class="method navigator-link" hash-for-method="verifyShippingAndBillingAdressIsSelected">verifyShippingAndBillingAdressIsSelected</a> <!-- method navigator-link -->
                      </span>
                      <br/>
                      <span>
                        <img src="failed.png" width="3%"/>
                        <a href="#" panel-name="suite-HandMadeCraft_Demo_Application_Suite_" title="selenium.com.testcases.OrderConfirmationPageTest" class="method navigator-link" hash-for-method="verifySuccessMessage">verifySuccessMessage</a> <!-- method navigator-link -->
                      </span>
                      <br/>
                      <span>
                        <img src="failed.png" width="3%"/>
                        <a href="#" panel-name="suite-HandMadeCraft_Demo_Application_Suite_" title="selenium.com.testcases.CartPageTest" class="method navigator-link" hash-for-method="verifyTheProductInCart">verifyTheProductInCart</a> <!-- method navigator-link -->
                      </span>
                      <br/>
                      <span>
                        <img src="failed.png" width="3%"/>
                        <a href="#" panel-name="suite-HandMadeCraft_Demo_Application_Suite_" title="selenium.com.testcases.PDPPageTest" class="method navigator-link" hash-for-method="verifyTheProductName">verifyTheProductName</a> <!-- method navigator-link -->
                      </span>
                      <br/>
                    </div> <!-- method-list-content failed suite-HandMadeCraft_Demo_Application_Suite_ -->
                  </li>
                  <li>
                    <span class="method-list-title skipped">Skipped methods</span>
                    <span class="show-or-hide-methods skipped">
                      <a href="#" panel-name="suite-HandMadeCraft_Demo_Application_Suite_" class="hide-methods skipped suite-HandMadeCraft_Demo_Application_Suite_"> (hide)</a> <!-- hide-methods skipped suite-HandMadeCraft_Demo_Application_Suite_ -->
                      <a href="#" panel-name="suite-HandMadeCraft_Demo_Application_Suite_" class="show-methods skipped suite-HandMadeCraft_Demo_Application_Suite_"> (show)</a> <!-- show-methods skipped suite-HandMadeCraft_Demo_Application_Suite_ -->
                    </span>
                    <div class="method-list-content skipped suite-HandMadeCraft_Demo_Application_Suite_">
                      <span>
                        <img src="skipped.png" width="3%"/>
                        <a href="#" panel-name="suite-HandMadeCraft_Demo_Application_Suite_" title="selenium.com.testcases.PDPPageTest" class="method navigator-link" hash-for-method="addProductToCart">addProductToCart</a> <!-- method navigator-link -->
                      </span>
                      <br/>
                      <span>
                        <img src="skipped.png" width="3%"/>
                        <a href="#" panel-name="suite-HandMadeCraft_Demo_Application_Suite_" title="selenium.com.testcases.PDPPageTest" class="method navigator-link" hash-for-method="chooseColourAndSize">chooseColourAndSize</a> <!-- method navigator-link -->
                      </span>
                      <br/>
                      <span>
                        <img src="skipped.png" width="3%"/>
                        <a href="#" panel-name="suite-HandMadeCraft_Demo_Application_Suite_" title="selenium.com.testcases.CheckOutPageTest" class="method navigator-link" hash-for-method="continueToDispatch">continueToDispatch</a> <!-- method navigator-link -->
                      </span>
                      <br/>
                      <span>
                        <img src="skipped.png" width="3%"/>
                        <a href="#" panel-name="suite-HandMadeCraft_Demo_Application_Suite_" title="selenium.com.testcases.CheckOutPageTest" class="method navigator-link" hash-for-method="continueToReviewOrder">continueToReviewOrder</a> <!-- method navigator-link -->
                      </span>
                      <br/>
                      <span>
                        <img src="skipped.png" width="3%"/>
                        <a href="#" panel-name="suite-HandMadeCraft_Demo_Application_Suite_" title="selenium.com.testcases.PaymentPageTest" class="method navigator-link" hash-for-method="makePayment">makePayment</a> <!-- method navigator-link -->
                      </span>
                      <br/>
                      <span>
                        <img src="skipped.png" width="3%"/>
                        <a href="#" panel-name="suite-HandMadeCraft_Demo_Application_Suite_" title="selenium.com.testcases.PDPPageTest" class="method navigator-link" hash-for-method="navigateToCartPage">navigateToCartPage</a> <!-- method navigator-link -->
                      </span>
                      <br/>
                      <span>
                        <img src="skipped.png" width="3%"/>
                        <a href="#" panel-name="suite-HandMadeCraft_Demo_Application_Suite_" title="selenium.com.testcases.CartPageTest" class="method navigator-link" hash-for-method="navigateToCheckOutPage">navigateToCheckOutPage</a> <!-- method navigator-link -->
                      </span>
                      <br/>
                      <span>
                        <img src="skipped.png" width="3%"/>
                        <a href="#" panel-name="suite-HandMadeCraft_Demo_Application_Suite_" title="selenium.com.testcases.CheckOutPageTest" class="method navigator-link" hash-for-method="navigateToMakePayementPage">navigateToMakePayementPage</a> <!-- method navigator-link -->
                      </span>
                      <br/>
                      <span>
                        <img src="skipped.png" width="3%"/>
                        <a href="#" panel-name="suite-HandMadeCraft_Demo_Application_Suite_" title="selenium.com.testcases.PDPPageTest" class="method navigator-link" hash-for-method="specifyTheQuantity">specifyTheQuantity</a> <!-- method navigator-link -->
                      </span>
                      <br/>
                      <span>
                        <img src="skipped.png" width="3%"/>
                        <a href="#" panel-name="suite-HandMadeCraft_Demo_Application_Suite_" title="selenium.com.testcases.CheckOutPageTest" class="method navigator-link" hash-for-method="verifyShippingAndBillingAddress">verifyShippingAndBillingAddress</a> <!-- method navigator-link -->
                      </span>
                      <br/>
                      <span>
                        <img src="skipped.png" width="3%"/>
                        <a href="#" panel-name="suite-HandMadeCraft_Demo_Application_Suite_" title="selenium.com.testcases.CheckOutPageTest" class="method navigator-link" hash-for-method="verifyShippingMethodIsSelected">verifyShippingMethodIsSelected</a> <!-- method navigator-link -->
                      </span>
                      <br/>
                    </div> <!-- method-list-content skipped suite-HandMadeCraft_Demo_Application_Suite_ -->
                  </li>
                  <li>
                    <span class="method-list-title passed">Passed methods</span>
                    <span class="show-or-hide-methods passed">
                      <a href="#" panel-name="suite-HandMadeCraft_Demo_Application_Suite_" class="hide-methods passed suite-HandMadeCraft_Demo_Application_Suite_"> (hide)</a> <!-- hide-methods passed suite-HandMadeCraft_Demo_Application_Suite_ -->
                      <a href="#" panel-name="suite-HandMadeCraft_Demo_Application_Suite_" class="show-methods passed suite-HandMadeCraft_Demo_Application_Suite_"> (show)</a> <!-- show-methods passed suite-HandMadeCraft_Demo_Application_Suite_ -->
                    </span>
                    <div class="method-list-content passed suite-HandMadeCraft_Demo_Application_Suite_">
                      <span>
                        <img src="passed.png" width="3%"/>
                        <a href="#" panel-name="suite-HandMadeCraft_Demo_Application_Suite_" title="selenium.com.testcases.LoginPageTest" class="method navigator-link" hash-for-method="navigateToLoginPage">navigateToLoginPage</a> <!-- method navigator-link -->
                      </span>
                      <br/>
                    </div> <!-- method-list-content passed suite-HandMadeCraft_Demo_Application_Suite_ -->
                  </li>
                </ul>
              </div> <!-- suite-section-content -->
            </div> <!-- result-section -->
          </div> <!-- navigator-suite-content -->
        </div> <!-- rounded-window -->
      </div> <!-- suite -->
    </div> <!-- navigator-root -->
    <div class="wrapper">
      <div class="main-panel-root">
        <div panel-name="suite-HandMadeCraft_Demo_Application_Suite_" class="panel HandMadeCraft_Demo_Application_Suite_">
          <div class="suite-HandMadeCraft_Demo_Application_Suite_-class-failed">
            <div class="main-panel-header rounded-window-top">
              <img src="failed.png"/>
              <span class="class-name">selenium.com.testcases.LoginPageTest</span>
            </div> <!-- main-panel-header rounded-window-top -->
            <div class="main-panel-content rounded-window-bottom">
              <div class="method">
                <div class="method-content">
                  <a name="login">
                  </a> <!-- login -->
                  <span class="method-name">login</span>
                  <div class="stack-trace">org.openqa.selenium.TimeoutException: Expected condition failed: waiting for visibility of [[ChromeDriver: chrome on windows (93bcb955c0a68fde7bf81c701652c93e)] -&gt; id: password] (tried for 10 second(s) with 500 milliseconds interval)
Build info: version: &apos;4.23.0&apos;, revision: &apos;4df0a231af&apos;
System info: os.name: &apos;Windows 11&apos;, os.arch: &apos;amd64&apos;, os.version: &apos;10.0&apos;, java.version: &apos;21.0.3&apos;
Driver info: org.openqa.selenium.chrome.ChromeDriver
Capabilities {acceptInsecureCerts: false, browserName: chrome, browserVersion: 126.0.6478.183, chrome: {chromedriverVersion: 126.0.6478.182 (5b5d8292ddf..., userDataDir: C:\Users\Gagana.CM\AppData\...}, fedcm:accounts: true, goog:chromeOptions: {debuggerAddress: localhost:58614}, networkConnectionEnabled: false, pageLoadStrategy: normal, platformName: windows, proxy: Proxy(), se:cdp: ws://localhost:58614/devtoo..., se:cdpVersion: 126.0.6478.183, setWindowRect: true, strictFileInteractability: false, timeouts: {implicit: 0, pageLoad: 300000, script: 30000}, unhandledPromptBehavior: dismiss and notify, webauthn:extension:credBlob: true, webauthn:extension:largeBlob: true, webauthn:extension:minPinLength: true, webauthn:extension:prf: true, webauthn:virtualAuthenticators: true}
Session ID: 93bcb955c0a68fde7bf81c701652c93e
	at org.openqa.selenium.support.ui.WebDriverWait.timeoutException(WebDriverWait.java:84)
	at org.openqa.selenium.support.ui.FluentWait.until(FluentWait.java:228)
	at selenium.com.AbstractComponent.AbstractComponent.waitForWebElementToAppear(AbstractComponent.java:21)
	at selenium.com.pageobjectModels.LoginPage.login(LoginPage.java:49)
	at selenium.com.testcases.LoginPageTest.login(LoginPageTest.java:22)
	at java.base/java.util.ArrayList.forEach(ArrayList.java:1596)
... Removed 29 stack frames
</div> <!-- stack-trace -->
                </div> <!-- method-content -->
              </div> <!-- method -->
            </div> <!-- main-panel-content rounded-window-bottom -->
          </div> <!-- suite-HandMadeCraft_Demo_Application_Suite_-class-failed -->
          <div class="suite-HandMadeCraft_Demo_Application_Suite_-class-failed">
            <div class="main-panel-header rounded-window-top">
              <img src="failed.png"/>
              <span class="class-name">selenium.com.testcases.CartPageTest</span>
            </div> <!-- main-panel-header rounded-window-top -->
            <div class="main-panel-content rounded-window-bottom">
              <div class="method">
                <div class="method-content">
                  <a name="verifyTheProductInCart">
                  </a> <!-- verifyTheProductInCart -->
                  <span class="method-name">verifyTheProductInCart</span>
                  <div class="stack-trace">org.openqa.selenium.TimeoutException: Expected condition failed: waiting for visibility of Proxy element for: DefaultElementLocator &apos;By.id: bindNotificationBar&apos; (tried for 10 second(s) with 500 milliseconds interval)
	at org.openqa.selenium.support.ui.WebDriverWait.timeoutException(WebDriverWait.java:84)
	at org.openqa.selenium.support.ui.FluentWait.until(FluentWait.java:228)
	at selenium.com.AbstractComponent.AbstractComponent.waitForWebElementToAppear(AbstractComponent.java:21)
	at selenium.com.pageobjectModels.CartPage.verifyTheProductInCart(CartPage.java:33)
	at selenium.com.testcases.CartPageTest.verifyTheProductInCart(CartPageTest.java:29)
	at java.base/java.util.ArrayList.forEach(ArrayList.java:1596)
Caused by: org.openqa.selenium.NoSuchElementException: no such element: Unable to locate element: {&quot;method&quot;:&quot;css selector&quot;,&quot;selector&quot;:&quot;#bindNotificationBar&quot;}
  (Session info: chrome=126.0.6478.183)
For documentation on this error, please visit: https://www.selenium.dev/documentation/webdriver/troubleshooting/errors#no-such-element-exception
Build info: version: &apos;4.23.0&apos;, revision: &apos;4df0a231af&apos;
System info: os.name: &apos;Windows 11&apos;, os.arch: &apos;amd64&apos;, os.version: &apos;10.0&apos;, java.version: &apos;21.0.3&apos;
Driver info: org.openqa.selenium.chrome.ChromeDriver
Command: [93bcb955c0a68fde7bf81c701652c93e, findElement {value=bindNotificationBar, using=id}]
Capabilities {acceptInsecureCerts: false, browserName: chrome, browserVersion: 126.0.6478.183, chrome: {chromedriverVersion: 126.0.6478.182 (5b5d8292ddf..., userDataDir: C:\Users\Gagana.CM\AppData\...}, fedcm:accounts: true, goog:chromeOptions: {debuggerAddress: localhost:58614}, networkConnectionEnabled: false, pageLoadStrategy: normal, platformName: windows, proxy: Proxy(), se:cdp: ws://localhost:58614/devtoo..., se:cdpVersion: 126.0.6478.183, setWindowRect: true, strictFileInteractability: false, timeouts: {implicit: 0, pageLoad: 300000, script: 30000}, unhandledPromptBehavior: dismiss and notify, webauthn:extension:credBlob: true, webauthn:extension:largeBlob: true, webauthn:extension:minPinLength: true, webauthn:extension:prf: true, webauthn:virtualAuthenticators: true}
Session ID: 93bcb955c0a68fde7bf81c701652c93e
	at org.openqa.selenium.remote.ErrorCodec.decode(ErrorCodec.java:167)
	at org.openqa.selenium.remote.codec.w3c.W3CHttpResponseCodec.decode(W3CHttpResponseCodec.java:138)
	at org.openqa.selenium.remote.codec.w3c.W3CHttpResponseCodec.decode(W3CHttpResponseCodec.java:50)
	at org.openqa.selenium.remote.HttpCommandExecutor.execute(HttpCommandExecutor.java:190)
	at org.openqa.selenium.remote.service.DriverCommandExecutor.invokeExecute(DriverCommandExecutor.java:216)
	at org.openqa.selenium.remote.service.DriverCommandExecutor.execute(DriverCommandExecutor.java:174)
	at org.openqa.selenium.remote.RemoteWebDriver.execute(RemoteWebDriver.java:527)
	at org.openqa.selenium.remote.ElementLocation$ElementFinder$2.findElement(ElementLocation.java:165)
	at org.openqa.selenium.remote.ElementLocation.findElement(ElementLocation.java:59)
	at org.openqa.selenium.remote.RemoteWebDriver.findElement(RemoteWebDriver.java:357)
	at org.openqa.selenium.remote.RemoteWebDriver.findElement(RemoteWebDriver.java:351)
	at org.openqa.selenium.support.pagefactory.DefaultElementLocator.findElement(DefaultElementLocator.java:68)
	at org.openqa.selenium.support.pagefactory.internal.LocatingElementHandler.invoke(LocatingElementHandler.java:38)
	at jdk.proxy2/jdk.proxy2.$Proxy27.isDisplayed(Unknown Source)
	at org.openqa.selenium.support.ui.ExpectedConditions.elementIfVisible(ExpectedConditions.java:304)
	at org.openqa.selenium.support.ui.ExpectedConditions$10.apply(ExpectedConditions.java:290)
	at org.openqa.selenium.support.ui.ExpectedConditions$10.apply(ExpectedConditions.java:287)
	at org.openqa.selenium.support.ui.FluentWait.until(FluentWait.java:203)
	... 33 more
... Removed 32 stack frames
</div> <!-- stack-trace -->
                </div> <!-- method-content -->
              </div> <!-- method -->
            </div> <!-- main-panel-content rounded-window-bottom -->
          </div> <!-- suite-HandMadeCraft_Demo_Application_Suite_-class-failed -->
          <div class="suite-HandMadeCraft_Demo_Application_Suite_-class-failed">
            <div class="main-panel-header rounded-window-top">
              <img src="failed.png"/>
              <span class="class-name">selenium.com.testcases.OurShopPageTest</span>
            </div> <!-- main-panel-header rounded-window-top -->
            <div class="main-panel-content rounded-window-bottom">
              <div class="method">
                <div class="method-content">
                  <a name="navigateToProductDetailPage">
                  </a> <!-- navigateToProductDetailPage -->
                  <span class="method-name">navigateToProductDetailPage</span>
                  <div class="stack-trace">org.openqa.selenium.TimeoutException: Expected condition failed: waiting for visibility of all [] (tried for 10 second(s) with 500 milliseconds interval)
Build info: version: &apos;4.23.0&apos;, revision: &apos;4df0a231af&apos;
System info: os.name: &apos;Windows 11&apos;, os.arch: &apos;amd64&apos;, os.version: &apos;10.0&apos;, java.version: &apos;21.0.3&apos;
Driver info: org.openqa.selenium.chrome.ChromeDriver
Capabilities {acceptInsecureCerts: false, browserName: chrome, browserVersion: 126.0.6478.183, chrome: {chromedriverVersion: 126.0.6478.182 (5b5d8292ddf..., userDataDir: C:\Users\Gagana.CM\AppData\...}, fedcm:accounts: true, goog:chromeOptions: {debuggerAddress: localhost:58614}, networkConnectionEnabled: false, pageLoadStrategy: normal, platformName: windows, proxy: Proxy(), se:cdp: ws://localhost:58614/devtoo..., se:cdpVersion: 126.0.6478.183, setWindowRect: true, strictFileInteractability: false, timeouts: {implicit: 0, pageLoad: 300000, script: 30000}, unhandledPromptBehavior: dismiss and notify, webauthn:extension:credBlob: true, webauthn:extension:largeBlob: true, webauthn:extension:minPinLength: true, webauthn:extension:prf: true, webauthn:virtualAuthenticators: true}
Session ID: 93bcb955c0a68fde7bf81c701652c93e
	at org.openqa.selenium.support.ui.WebDriverWait.timeoutException(WebDriverWait.java:84)
	at org.openqa.selenium.support.ui.FluentWait.until(FluentWait.java:228)
	at selenium.com.AbstractComponent.AbstractComponent.waitForWebElementsToAppear(AbstractComponent.java:26)
	at selenium.com.pageobjectModels.OurShopPage.getProduct(OurShopPage.java:34)
	at selenium.com.pageobjectModels.OurShopPage.navigateToProductDetailPage(OurShopPage.java:43)
	at selenium.com.testcases.OurShopPageTest.navigateToProductDetailPage(OurShopPageTest.java:28)
	at java.base/java.util.ArrayList.forEach(ArrayList.java:1596)
... Removed 29 stack frames
</div> <!-- stack-trace -->
                </div> <!-- method-content -->
              </div> <!-- method -->
            </div> <!-- main-panel-content rounded-window-bottom -->
          </div> <!-- suite-HandMadeCraft_Demo_Application_Suite_-class-failed -->
          <div class="suite-HandMadeCraft_Demo_Application_Suite_-class-failed">
            <div class="main-panel-header rounded-window-top">
              <img src="failed.png"/>
              <span class="class-name">selenium.com.testcases.PDPPageTest</span>
            </div> <!-- main-panel-header rounded-window-top -->
            <div class="main-panel-content rounded-window-bottom">
              <div class="method">
                <div class="method-content">
                  <a name="verifyTheProductName">
                  </a> <!-- verifyTheProductName -->
                  <span class="method-name">verifyTheProductName</span>
                  <div class="stack-trace">org.openqa.selenium.TimeoutException: Expected condition failed: waiting for visibility of Proxy element for: DefaultElementLocator &apos;By.cssSelector: div[class=&apos;theme-product-name&apos;] h1&apos; (tried for 10 second(s) with 500 milliseconds interval)
	at org.openqa.selenium.support.ui.WebDriverWait.timeoutException(WebDriverWait.java:84)
	at org.openqa.selenium.support.ui.FluentWait.until(FluentWait.java:228)
	at selenium.com.AbstractComponent.AbstractComponent.waitForWebElementToAppear(AbstractComponent.java:21)
	at selenium.com.pageobjectModels.PDPPage.verifyTheProductDisplayed(PDPPage.java:39)
	at selenium.com.testcases.PDPPageTest.verifyTheProductName(PDPPageTest.java:29)
	at java.base/java.util.ArrayList.forEach(ArrayList.java:1596)
Caused by: org.openqa.selenium.NoSuchElementException: no such element: Unable to locate element: {&quot;method&quot;:&quot;css selector&quot;,&quot;selector&quot;:&quot;div[class=&apos;theme-product-name&apos;] h1&quot;}
  (Session info: chrome=126.0.6478.183)
For documentation on this error, please visit: https://www.selenium.dev/documentation/webdriver/troubleshooting/errors#no-such-element-exception
Build info: version: &apos;4.23.0&apos;, revision: &apos;4df0a231af&apos;
System info: os.name: &apos;Windows 11&apos;, os.arch: &apos;amd64&apos;, os.version: &apos;10.0&apos;, java.version: &apos;21.0.3&apos;
Driver info: org.openqa.selenium.chrome.ChromeDriver
Command: [93bcb955c0a68fde7bf81c701652c93e, findElement {value=div[class=&apos;theme-product-name&apos;] h1, using=css selector}]
Capabilities {acceptInsecureCerts: false, browserName: chrome, browserVersion: 126.0.6478.183, chrome: {chromedriverVersion: 126.0.6478.182 (5b5d8292ddf..., userDataDir: C:\Users\Gagana.CM\AppData\...}, fedcm:accounts: true, goog:chromeOptions: {debuggerAddress: localhost:58614}, networkConnectionEnabled: false, pageLoadStrategy: normal, platformName: windows, proxy: Proxy(), se:cdp: ws://localhost:58614/devtoo..., se:cdpVersion: 126.0.6478.183, setWindowRect: true, strictFileInteractability: false, timeouts: {implicit: 0, pageLoad: 300000, script: 30000}, unhandledPromptBehavior: dismiss and notify, webauthn:extension:credBlob: true, webauthn:extension:largeBlob: true, webauthn:extension:minPinLength: true, webauthn:extension:prf: true, webauthn:virtualAuthenticators: true}
Session ID: 93bcb955c0a68fde7bf81c701652c93e
	at org.openqa.selenium.remote.ErrorCodec.decode(ErrorCodec.java:167)
	at org.openqa.selenium.remote.codec.w3c.W3CHttpResponseCodec.decode(W3CHttpResponseCodec.java:138)
	at org.openqa.selenium.remote.codec.w3c.W3CHttpResponseCodec.decode(W3CHttpResponseCodec.java:50)
	at org.openqa.selenium.remote.HttpCommandExecutor.execute(HttpCommandExecutor.java:190)
	at org.openqa.selenium.remote.service.DriverCommandExecutor.invokeExecute(DriverCommandExecutor.java:216)
	at org.openqa.selenium.remote.service.DriverCommandExecutor.execute(DriverCommandExecutor.java:174)
	at org.openqa.selenium.remote.RemoteWebDriver.execute(RemoteWebDriver.java:527)
	at org.openqa.selenium.remote.ElementLocation$ElementFinder$2.findElement(ElementLocation.java:165)
	at org.openqa.selenium.remote.ElementLocation.findElement(ElementLocation.java:59)
	at org.openqa.selenium.remote.RemoteWebDriver.findElement(RemoteWebDriver.java:357)
	at org.openqa.selenium.remote.RemoteWebDriver.findElement(RemoteWebDriver.java:351)
	at org.openqa.selenium.support.pagefactory.DefaultElementLocator.findElement(DefaultElementLocator.java:68)
	at org.openqa.selenium.support.pagefactory.internal.LocatingElementHandler.invoke(LocatingElementHandler.java:38)
	at jdk.proxy2/jdk.proxy2.$Proxy27.isDisplayed(Unknown Source)
	at org.openqa.selenium.support.ui.ExpectedConditions.elementIfVisible(ExpectedConditions.java:304)
	at org.openqa.selenium.support.ui.ExpectedConditions$10.apply(ExpectedConditions.java:290)
	at org.openqa.selenium.support.ui.ExpectedConditions$10.apply(ExpectedConditions.java:287)
	at org.openqa.selenium.support.ui.FluentWait.until(FluentWait.java:203)
	... 33 more
... Removed 32 stack frames
</div> <!-- stack-trace -->
                </div> <!-- method-content -->
              </div> <!-- method -->
            </div> <!-- main-panel-content rounded-window-bottom -->
          </div> <!-- suite-HandMadeCraft_Demo_Application_Suite_-class-failed -->
          <div class="suite-HandMadeCraft_Demo_Application_Suite_-class-failed">
            <div class="main-panel-header rounded-window-top">
              <img src="failed.png"/>
              <span class="class-name">selenium.com.testcases.OrderConfirmationPageTest</span>
            </div> <!-- main-panel-header rounded-window-top -->
            <div class="main-panel-content rounded-window-bottom">
              <div class="method">
                <div class="method-content">
                  <a name="verifySuccessMessage">
                  </a> <!-- verifySuccessMessage -->
                  <span class="method-name">verifySuccessMessage</span>
                  <div class="stack-trace">org.openqa.selenium.NoSuchElementException: no such element: Unable to locate element: {&quot;method&quot;:&quot;xpath&quot;,&quot;selector&quot;:&quot;//div[@class=&apos;theme-payment-success-message&apos;]/h3&quot;}
  (Session info: chrome=126.0.6478.183)
For documentation on this error, please visit: https://www.selenium.dev/documentation/webdriver/troubleshooting/errors#no-such-element-exception
Build info: version: &apos;4.23.0&apos;, revision: &apos;4df0a231af&apos;
System info: os.name: &apos;Windows 11&apos;, os.arch: &apos;amd64&apos;, os.version: &apos;10.0&apos;, java.version: &apos;21.0.3&apos;
Driver info: org.openqa.selenium.chrome.ChromeDriver
Command: [93bcb955c0a68fde7bf81c701652c93e, findElement {value=//div[@class=&apos;theme-payment-success-message&apos;]/h3, using=xpath}]
Capabilities {acceptInsecureCerts: false, browserName: chrome, browserVersion: 126.0.6478.183, chrome: {chromedriverVersion: 126.0.6478.182 (5b5d8292ddf..., userDataDir: C:\Users\Gagana.CM\AppData\...}, fedcm:accounts: true, goog:chromeOptions: {debuggerAddress: localhost:58614}, networkConnectionEnabled: false, pageLoadStrategy: normal, platformName: windows, proxy: Proxy(), se:cdp: ws://localhost:58614/devtoo..., se:cdpVersion: 126.0.6478.183, setWindowRect: true, strictFileInteractability: false, timeouts: {implicit: 0, pageLoad: 300000, script: 30000}, unhandledPromptBehavior: dismiss and notify, webauthn:extension:credBlob: true, webauthn:extension:largeBlob: true, webauthn:extension:minPinLength: true, webauthn:extension:prf: true, webauthn:virtualAuthenticators: true}
Session ID: 93bcb955c0a68fde7bf81c701652c93e
	at org.openqa.selenium.remote.ErrorCodec.decode(ErrorCodec.java:167)
	at org.openqa.selenium.remote.codec.w3c.W3CHttpResponseCodec.decode(W3CHttpResponseCodec.java:138)
	at org.openqa.selenium.remote.codec.w3c.W3CHttpResponseCodec.decode(W3CHttpResponseCodec.java:50)
	at org.openqa.selenium.remote.HttpCommandExecutor.execute(HttpCommandExecutor.java:190)
	at org.openqa.selenium.remote.service.DriverCommandExecutor.invokeExecute(DriverCommandExecutor.java:216)
	at org.openqa.selenium.remote.service.DriverCommandExecutor.execute(DriverCommandExecutor.java:174)
	at org.openqa.selenium.remote.RemoteWebDriver.execute(RemoteWebDriver.java:527)
	at org.openqa.selenium.remote.ElementLocation$ElementFinder$2.findElement(ElementLocation.java:165)
	at org.openqa.selenium.remote.ElementLocation.findElement(ElementLocation.java:59)
	at org.openqa.selenium.remote.RemoteWebDriver.findElement(RemoteWebDriver.java:357)
	at org.openqa.selenium.remote.RemoteWebDriver.findElement(RemoteWebDriver.java:351)
	at org.openqa.selenium.support.pagefactory.DefaultElementLocator.findElement(DefaultElementLocator.java:68)
	at org.openqa.selenium.support.pagefactory.internal.LocatingElementHandler.invoke(LocatingElementHandler.java:38)
	at jdk.proxy2/jdk.proxy2.$Proxy27.getText(Unknown Source)
	at selenium.com.pageobjectModels.OrderConFirmationPage.verifySuccessMsg(OrderConFirmationPage.java:24)
	at selenium.com.testcases.OrderConfirmationPageTest.verifySuccessMessage(OrderConfirmationPageTest.java:26)
	at java.base/java.util.ArrayList.forEach(ArrayList.java:1596)
... Removed 32 stack frames
</div> <!-- stack-trace -->
                </div> <!-- method-content -->
              </div> <!-- method -->
            </div> <!-- main-panel-content rounded-window-bottom -->
          </div> <!-- suite-HandMadeCraft_Demo_Application_Suite_-class-failed -->
          <div class="suite-HandMadeCraft_Demo_Application_Suite_-class-failed">
            <div class="main-panel-header rounded-window-top">
              <img src="failed.png"/>
              <span class="class-name">selenium.com.testcases.HomePageTest</span>
            </div> <!-- main-panel-header rounded-window-top -->
            <div class="main-panel-content rounded-window-bottom">
              <div class="method">
                <div class="method-content">
                  <a name="navigateToOurShopPage">
                  </a> <!-- navigateToOurShopPage -->
                  <span class="method-name">navigateToOurShopPage</span>
                  <div class="stack-trace">org.openqa.selenium.NoSuchElementException: no such element: Unable to locate element: {&quot;method&quot;:&quot;css selector&quot;,&quot;selector&quot;:&quot;a[href*=&apos;/our-shop/&apos;]&quot;}
  (Session info: chrome=126.0.6478.183)
For documentation on this error, please visit: https://www.selenium.dev/documentation/webdriver/troubleshooting/errors#no-such-element-exception
Build info: version: &apos;4.23.0&apos;, revision: &apos;4df0a231af&apos;
System info: os.name: &apos;Windows 11&apos;, os.arch: &apos;amd64&apos;, os.version: &apos;10.0&apos;, java.version: &apos;21.0.3&apos;
Driver info: org.openqa.selenium.chrome.ChromeDriver
Command: [93bcb955c0a68fde7bf81c701652c93e, findElement {value=a[href*=&apos;/our-shop/&apos;], using=css selector}]
Capabilities {acceptInsecureCerts: false, browserName: chrome, browserVersion: 126.0.6478.183, chrome: {chromedriverVersion: 126.0.6478.182 (5b5d8292ddf..., userDataDir: C:\Users\Gagana.CM\AppData\...}, fedcm:accounts: true, goog:chromeOptions: {debuggerAddress: localhost:58614}, networkConnectionEnabled: false, pageLoadStrategy: normal, platformName: windows, proxy: Proxy(), se:cdp: ws://localhost:58614/devtoo..., se:cdpVersion: 126.0.6478.183, setWindowRect: true, strictFileInteractability: false, timeouts: {implicit: 0, pageLoad: 300000, script: 30000}, unhandledPromptBehavior: dismiss and notify, webauthn:extension:credBlob: true, webauthn:extension:largeBlob: true, webauthn:extension:minPinLength: true, webauthn:extension:prf: true, webauthn:virtualAuthenticators: true}
Session ID: 93bcb955c0a68fde7bf81c701652c93e
	at org.openqa.selenium.remote.ErrorCodec.decode(ErrorCodec.java:167)
	at org.openqa.selenium.remote.codec.w3c.W3CHttpResponseCodec.decode(W3CHttpResponseCodec.java:138)
	at org.openqa.selenium.remote.codec.w3c.W3CHttpResponseCodec.decode(W3CHttpResponseCodec.java:50)
	at org.openqa.selenium.remote.HttpCommandExecutor.execute(HttpCommandExecutor.java:190)
	at org.openqa.selenium.remote.service.DriverCommandExecutor.invokeExecute(DriverCommandExecutor.java:216)
	at org.openqa.selenium.remote.service.DriverCommandExecutor.execute(DriverCommandExecutor.java:174)
	at org.openqa.selenium.remote.RemoteWebDriver.execute(RemoteWebDriver.java:527)
	at org.openqa.selenium.remote.ElementLocation$ElementFinder$2.findElement(ElementLocation.java:165)
	at org.openqa.selenium.remote.ElementLocation.findElement(ElementLocation.java:59)
	at org.openqa.selenium.remote.RemoteWebDriver.findElement(RemoteWebDriver.java:357)
	at org.openqa.selenium.remote.RemoteWebDriver.findElement(RemoteWebDriver.java:351)
	at org.openqa.selenium.support.pagefactory.DefaultElementLocator.findElement(DefaultElementLocator.java:68)
	at org.openqa.selenium.support.pagefactory.internal.LocatingElementHandler.invoke(LocatingElementHandler.java:38)
	at jdk.proxy2/jdk.proxy2.$Proxy27.click(Unknown Source)
	at selenium.com.pageobjectModels.HomePage.navigateToOurShopPage(HomePage.java:47)
	at selenium.com.testcases.HomePageTest.navigateToOurShopPage(HomePageTest.java:38)
	at java.base/java.util.ArrayList.forEach(ArrayList.java:1596)
... Removed 32 stack frames
</div> <!-- stack-trace -->
                </div> <!-- method-content -->
              </div> <!-- method -->
              <div class="method">
                <div class="method-content">
                  <a name="verifyHeadingAtNavBar">
                  </a> <!-- verifyHeadingAtNavBar -->
                  <span class="method-name">verifyHeadingAtNavBar</span>
                  <div class="stack-trace">org.openqa.selenium.NoSuchElementException: no such element: Unable to locate element: {&quot;method&quot;:&quot;css selector&quot;,&quot;selector&quot;:&quot;.theme-site-name.theme-disable-sitename-mobile&quot;}
  (Session info: chrome=126.0.6478.183)
For documentation on this error, please visit: https://www.selenium.dev/documentation/webdriver/troubleshooting/errors#no-such-element-exception
Build info: version: &apos;4.23.0&apos;, revision: &apos;4df0a231af&apos;
System info: os.name: &apos;Windows 11&apos;, os.arch: &apos;amd64&apos;, os.version: &apos;10.0&apos;, java.version: &apos;21.0.3&apos;
Driver info: org.openqa.selenium.chrome.ChromeDriver
Command: [93bcb955c0a68fde7bf81c701652c93e, findElement {value=.theme-site-name.theme-disable-sitename-mobile, using=css selector}]
Capabilities {acceptInsecureCerts: false, browserName: chrome, browserVersion: 126.0.6478.183, chrome: {chromedriverVersion: 126.0.6478.182 (5b5d8292ddf..., userDataDir: C:\Users\Gagana.CM\AppData\...}, fedcm:accounts: true, goog:chromeOptions: {debuggerAddress: localhost:58614}, networkConnectionEnabled: false, pageLoadStrategy: normal, platformName: windows, proxy: Proxy(), se:cdp: ws://localhost:58614/devtoo..., se:cdpVersion: 126.0.6478.183, setWindowRect: true, strictFileInteractability: false, timeouts: {implicit: 0, pageLoad: 300000, script: 30000}, unhandledPromptBehavior: dismiss and notify, webauthn:extension:credBlob: true, webauthn:extension:largeBlob: true, webauthn:extension:minPinLength: true, webauthn:extension:prf: true, webauthn:virtualAuthenticators: true}
Session ID: 93bcb955c0a68fde7bf81c701652c93e
	at org.openqa.selenium.remote.ErrorCodec.decode(ErrorCodec.java:167)
	at org.openqa.selenium.remote.codec.w3c.W3CHttpResponseCodec.decode(W3CHttpResponseCodec.java:138)
	at org.openqa.selenium.remote.codec.w3c.W3CHttpResponseCodec.decode(W3CHttpResponseCodec.java:50)
	at org.openqa.selenium.remote.HttpCommandExecutor.execute(HttpCommandExecutor.java:190)
	at org.openqa.selenium.remote.service.DriverCommandExecutor.invokeExecute(DriverCommandExecutor.java:216)
	at org.openqa.selenium.remote.service.DriverCommandExecutor.execute(DriverCommandExecutor.java:174)
	at org.openqa.selenium.remote.RemoteWebDriver.execute(RemoteWebDriver.java:527)
	at org.openqa.selenium.remote.ElementLocation$ElementFinder$2.findElement(ElementLocation.java:165)
	at org.openqa.selenium.remote.ElementLocation.findElement(ElementLocation.java:59)
	at org.openqa.selenium.remote.RemoteWebDriver.findElement(RemoteWebDriver.java:357)
	at org.openqa.selenium.remote.RemoteWebDriver.findElement(RemoteWebDriver.java:351)
	at org.openqa.selenium.support.pagefactory.DefaultElementLocator.findElement(DefaultElementLocator.java:68)
	at org.openqa.selenium.support.pagefactory.internal.LocatingElementHandler.invoke(LocatingElementHandler.java:38)
	at jdk.proxy2/jdk.proxy2.$Proxy27.isDisplayed(Unknown Source)
	at selenium.com.pageobjectModels.HomePage.verifyHeading(HomePage.java:41)
	at selenium.com.testcases.HomePageTest.verifyHeadingAtNavBar(HomePageTest.java:31)
	at java.base/java.util.ArrayList.forEach(ArrayList.java:1596)
... Removed 32 stack frames
</div> <!-- stack-trace -->
                </div> <!-- method-content -->
              </div> <!-- method -->
              <div class="method">
                <div class="method-content">
                  <a name="verifyLogoAtNavBar">
                  </a> <!-- verifyLogoAtNavBar -->
                  <span class="method-name">verifyLogoAtNavBar</span>
                  <div class="stack-trace">org.openqa.selenium.TimeoutException: Expected condition failed: waiting for visibility of Proxy element for: DefaultElementLocator &apos;By.id: bindNotificationBar&apos; (tried for 10 second(s) with 500 milliseconds interval)
	at org.openqa.selenium.support.ui.WebDriverWait.timeoutException(WebDriverWait.java:84)
	at org.openqa.selenium.support.ui.FluentWait.until(FluentWait.java:228)
	at selenium.com.AbstractComponent.AbstractComponent.waitForWebElementToAppear(AbstractComponent.java:21)
	at selenium.com.pageobjectModels.HomePage.verifylogo(HomePage.java:33)
	at selenium.com.testcases.HomePageTest.verifyLogoAtNavBar(HomePageTest.java:24)
	at java.base/java.util.ArrayList.forEach(ArrayList.java:1596)
Caused by: org.openqa.selenium.NoSuchElementException: no such element: Unable to locate element: {&quot;method&quot;:&quot;css selector&quot;,&quot;selector&quot;:&quot;#bindNotificationBar&quot;}
  (Session info: chrome=126.0.6478.183)
For documentation on this error, please visit: https://www.selenium.dev/documentation/webdriver/troubleshooting/errors#no-such-element-exception
Build info: version: &apos;4.23.0&apos;, revision: &apos;4df0a231af&apos;
System info: os.name: &apos;Windows 11&apos;, os.arch: &apos;amd64&apos;, os.version: &apos;10.0&apos;, java.version: &apos;21.0.3&apos;
Driver info: org.openqa.selenium.chrome.ChromeDriver
Command: [93bcb955c0a68fde7bf81c701652c93e, findElement {value=bindNotificationBar, using=id}]
Capabilities {acceptInsecureCerts: false, browserName: chrome, browserVersion: 126.0.6478.183, chrome: {chromedriverVersion: 126.0.6478.182 (5b5d8292ddf..., userDataDir: C:\Users\Gagana.CM\AppData\...}, fedcm:accounts: true, goog:chromeOptions: {debuggerAddress: localhost:58614}, networkConnectionEnabled: false, pageLoadStrategy: normal, platformName: windows, proxy: Proxy(), se:cdp: ws://localhost:58614/devtoo..., se:cdpVersion: 126.0.6478.183, setWindowRect: true, strictFileInteractability: false, timeouts: {implicit: 0, pageLoad: 300000, script: 30000}, unhandledPromptBehavior: dismiss and notify, webauthn:extension:credBlob: true, webauthn:extension:largeBlob: true, webauthn:extension:minPinLength: true, webauthn:extension:prf: true, webauthn:virtualAuthenticators: true}
Session ID: 93bcb955c0a68fde7bf81c701652c93e
	at org.openqa.selenium.remote.ErrorCodec.decode(ErrorCodec.java:167)
	at org.openqa.selenium.remote.codec.w3c.W3CHttpResponseCodec.decode(W3CHttpResponseCodec.java:138)
	at org.openqa.selenium.remote.codec.w3c.W3CHttpResponseCodec.decode(W3CHttpResponseCodec.java:50)
	at org.openqa.selenium.remote.HttpCommandExecutor.execute(HttpCommandExecutor.java:190)
	at org.openqa.selenium.remote.service.DriverCommandExecutor.invokeExecute(DriverCommandExecutor.java:216)
	at org.openqa.selenium.remote.service.DriverCommandExecutor.execute(DriverCommandExecutor.java:174)
	at org.openqa.selenium.remote.RemoteWebDriver.execute(RemoteWebDriver.java:527)
	at org.openqa.selenium.remote.ElementLocation$ElementFinder$2.findElement(ElementLocation.java:165)
	at org.openqa.selenium.remote.ElementLocation.findElement(ElementLocation.java:59)
	at org.openqa.selenium.remote.RemoteWebDriver.findElement(RemoteWebDriver.java:357)
	at org.openqa.selenium.remote.RemoteWebDriver.findElement(RemoteWebDriver.java:351)
	at org.openqa.selenium.support.pagefactory.DefaultElementLocator.findElement(DefaultElementLocator.java:68)
	at org.openqa.selenium.support.pagefactory.internal.LocatingElementHandler.invoke(LocatingElementHandler.java:38)
	at jdk.proxy2/jdk.proxy2.$Proxy27.isDisplayed(Unknown Source)
	at org.openqa.selenium.support.ui.ExpectedConditions.elementIfVisible(ExpectedConditions.java:304)
	at org.openqa.selenium.support.ui.ExpectedConditions$10.apply(ExpectedConditions.java:290)
	at org.openqa.selenium.support.ui.ExpectedConditions$10.apply(ExpectedConditions.java:287)
	at org.openqa.selenium.support.ui.FluentWait.until(FluentWait.java:203)
	... 33 more
... Removed 32 stack frames
</div> <!-- stack-trace -->
                </div> <!-- method-content -->
              </div> <!-- method -->
            </div> <!-- main-panel-content rounded-window-bottom -->
          </div> <!-- suite-HandMadeCraft_Demo_Application_Suite_-class-failed -->
          <div class="suite-HandMadeCraft_Demo_Application_Suite_-class-failed">
            <div class="main-panel-header rounded-window-top">
              <img src="failed.png"/>
              <span class="class-name">selenium.com.testcases.CheckOutPageTest</span>
            </div> <!-- main-panel-header rounded-window-top -->
            <div class="main-panel-content rounded-window-bottom">
              <div class="method">
                <div class="method-content">
                  <a name="verifyShippingAndBillingAdressIsSelected">
                  </a> <!-- verifyShippingAndBillingAdressIsSelected -->
                  <span class="method-name">verifyShippingAndBillingAdressIsSelected</span>
                  <div class="stack-trace">org.openqa.selenium.TimeoutException: Expected condition failed: waiting for visibility of Proxy element for: DefaultElementLocator &apos;By.id: bindNotificationBar&apos; (tried for 10 second(s) with 500 milliseconds interval)
	at org.openqa.selenium.support.ui.WebDriverWait.timeoutException(WebDriverWait.java:84)
	at org.openqa.selenium.support.ui.FluentWait.until(FluentWait.java:228)
	at selenium.com.AbstractComponent.AbstractComponent.waitForWebElementToAppear(AbstractComponent.java:21)
	at selenium.com.pageobjectModels.CheckOutPage.verifyShippingRadioButtonIsSelected(CheckOutPage.java:46)
	at selenium.com.testcases.CheckOutPageTest.verifyShippingAndBillingAdressIsSelected(CheckOutPageTest.java:27)
	at java.base/java.util.ArrayList.forEach(ArrayList.java:1596)
Caused by: org.openqa.selenium.NoSuchElementException: no such element: Unable to locate element: {&quot;method&quot;:&quot;css selector&quot;,&quot;selector&quot;:&quot;#bindNotificationBar&quot;}
  (Session info: chrome=126.0.6478.183)
For documentation on this error, please visit: https://www.selenium.dev/documentation/webdriver/troubleshooting/errors#no-such-element-exception
Build info: version: &apos;4.23.0&apos;, revision: &apos;4df0a231af&apos;
System info: os.name: &apos;Windows 11&apos;, os.arch: &apos;amd64&apos;, os.version: &apos;10.0&apos;, java.version: &apos;21.0.3&apos;
Driver info: org.openqa.selenium.chrome.ChromeDriver
Command: [93bcb955c0a68fde7bf81c701652c93e, findElement {value=bindNotificationBar, using=id}]
Capabilities {acceptInsecureCerts: false, browserName: chrome, browserVersion: 126.0.6478.183, chrome: {chromedriverVersion: 126.0.6478.182 (5b5d8292ddf..., userDataDir: C:\Users\Gagana.CM\AppData\...}, fedcm:accounts: true, goog:chromeOptions: {debuggerAddress: localhost:58614}, networkConnectionEnabled: false, pageLoadStrategy: normal, platformName: windows, proxy: Proxy(), se:cdp: ws://localhost:58614/devtoo..., se:cdpVersion: 126.0.6478.183, setWindowRect: true, strictFileInteractability: false, timeouts: {implicit: 0, pageLoad: 300000, script: 30000}, unhandledPromptBehavior: dismiss and notify, webauthn:extension:credBlob: true, webauthn:extension:largeBlob: true, webauthn:extension:minPinLength: true, webauthn:extension:prf: true, webauthn:virtualAuthenticators: true}
Session ID: 93bcb955c0a68fde7bf81c701652c93e
	at org.openqa.selenium.remote.ErrorCodec.decode(ErrorCodec.java:167)
	at org.openqa.selenium.remote.codec.w3c.W3CHttpResponseCodec.decode(W3CHttpResponseCodec.java:138)
	at org.openqa.selenium.remote.codec.w3c.W3CHttpResponseCodec.decode(W3CHttpResponseCodec.java:50)
	at org.openqa.selenium.remote.HttpCommandExecutor.execute(HttpCommandExecutor.java:190)
	at org.openqa.selenium.remote.service.DriverCommandExecutor.invokeExecute(DriverCommandExecutor.java:216)
	at org.openqa.selenium.remote.service.DriverCommandExecutor.execute(DriverCommandExecutor.java:174)
	at org.openqa.selenium.remote.RemoteWebDriver.execute(RemoteWebDriver.java:527)
	at org.openqa.selenium.remote.ElementLocation$ElementFinder$2.findElement(ElementLocation.java:165)
	at org.openqa.selenium.remote.ElementLocation.findElement(ElementLocation.java:59)
	at org.openqa.selenium.remote.RemoteWebDriver.findElement(RemoteWebDriver.java:357)
	at org.openqa.selenium.remote.RemoteWebDriver.findElement(RemoteWebDriver.java:351)
	at org.openqa.selenium.support.pagefactory.DefaultElementLocator.findElement(DefaultElementLocator.java:68)
	at org.openqa.selenium.support.pagefactory.internal.LocatingElementHandler.invoke(LocatingElementHandler.java:38)
	at jdk.proxy2/jdk.proxy2.$Proxy27.isDisplayed(Unknown Source)
	at org.openqa.selenium.support.ui.ExpectedConditions.elementIfVisible(ExpectedConditions.java:304)
	at org.openqa.selenium.support.ui.ExpectedConditions$10.apply(ExpectedConditions.java:290)
	at org.openqa.selenium.support.ui.ExpectedConditions$10.apply(ExpectedConditions.java:287)
	at org.openqa.selenium.support.ui.FluentWait.until(FluentWait.java:203)
	... 33 more
... Removed 32 stack frames
</div> <!-- stack-trace -->
                </div> <!-- method-content -->
              </div> <!-- method -->
            </div> <!-- main-panel-content rounded-window-bottom -->
          </div> <!-- suite-HandMadeCraft_Demo_Application_Suite_-class-failed -->
          <div class="suite-HandMadeCraft_Demo_Application_Suite_-class-failed">
            <div class="main-panel-header rounded-window-top">
              <img src="failed.png"/>
              <span class="class-name">selenium.com.testcases.PaymentPageTest</span>
            </div> <!-- main-panel-header rounded-window-top -->
            <div class="main-panel-content rounded-window-bottom">
              <div class="method">
                <div class="method-content">
                  <a name="enterPaymentDetails">
                  </a> <!-- enterPaymentDetails -->
                  <span class="method-name">enterPaymentDetails</span>
                  <div class="stack-trace">org.openqa.selenium.TimeoutException: Expected condition failed: waiting for visibility of Proxy element for: DefaultElementLocator &apos;By.xpath: //input[@autocomplete=&apos;cc-number&apos;]&apos; (tried for 10 second(s) with 500 milliseconds interval)
	at org.openqa.selenium.support.ui.WebDriverWait.timeoutException(WebDriverWait.java:84)
	at org.openqa.selenium.support.ui.FluentWait.until(FluentWait.java:228)
	at selenium.com.AbstractComponent.AbstractComponent.waitForWebElementToAppear(AbstractComponent.java:21)
	at selenium.com.pageobjectModels.PaymentPage.enterPaymentDetails(PaymentPage.java:44)
	at selenium.com.testcases.PaymentPageTest.enterPaymentDetails(PaymentPageTest.java:38)
	at java.base/java.util.ArrayList.forEach(ArrayList.java:1596)
Caused by: org.openqa.selenium.NoSuchElementException: no such element: Unable to locate element: {&quot;method&quot;:&quot;xpath&quot;,&quot;selector&quot;:&quot;//input[@autocomplete=&apos;cc-number&apos;]&quot;}
  (Session info: chrome=126.0.6478.183)
For documentation on this error, please visit: https://www.selenium.dev/documentation/webdriver/troubleshooting/errors#no-such-element-exception
Build info: version: &apos;4.23.0&apos;, revision: &apos;4df0a231af&apos;
System info: os.name: &apos;Windows 11&apos;, os.arch: &apos;amd64&apos;, os.version: &apos;10.0&apos;, java.version: &apos;21.0.3&apos;
Driver info: org.openqa.selenium.chrome.ChromeDriver
Command: [93bcb955c0a68fde7bf81c701652c93e, findElement {value=//input[@autocomplete=&apos;cc-number&apos;], using=xpath}]
Capabilities {acceptInsecureCerts: false, browserName: chrome, browserVersion: 126.0.6478.183, chrome: {chromedriverVersion: 126.0.6478.182 (5b5d8292ddf..., userDataDir: C:\Users\Gagana.CM\AppData\...}, fedcm:accounts: true, goog:chromeOptions: {debuggerAddress: localhost:58614}, networkConnectionEnabled: false, pageLoadStrategy: normal, platformName: windows, proxy: Proxy(), se:cdp: ws://localhost:58614/devtoo..., se:cdpVersion: 126.0.6478.183, setWindowRect: true, strictFileInteractability: false, timeouts: {implicit: 0, pageLoad: 300000, script: 30000}, unhandledPromptBehavior: dismiss and notify, webauthn:extension:credBlob: true, webauthn:extension:largeBlob: true, webauthn:extension:minPinLength: true, webauthn:extension:prf: true, webauthn:virtualAuthenticators: true}
Session ID: 93bcb955c0a68fde7bf81c701652c93e
	at org.openqa.selenium.remote.ErrorCodec.decode(ErrorCodec.java:167)
	at org.openqa.selenium.remote.codec.w3c.W3CHttpResponseCodec.decode(W3CHttpResponseCodec.java:138)
	at org.openqa.selenium.remote.codec.w3c.W3CHttpResponseCodec.decode(W3CHttpResponseCodec.java:50)
	at org.openqa.selenium.remote.HttpCommandExecutor.execute(HttpCommandExecutor.java:190)
	at org.openqa.selenium.remote.service.DriverCommandExecutor.invokeExecute(DriverCommandExecutor.java:216)
	at org.openqa.selenium.remote.service.DriverCommandExecutor.execute(DriverCommandExecutor.java:174)
	at org.openqa.selenium.remote.RemoteWebDriver.execute(RemoteWebDriver.java:527)
	at org.openqa.selenium.remote.ElementLocation$ElementFinder$2.findElement(ElementLocation.java:165)
	at org.openqa.selenium.remote.ElementLocation.findElement(ElementLocation.java:59)
	at org.openqa.selenium.remote.RemoteWebDriver.findElement(RemoteWebDriver.java:357)
	at org.openqa.selenium.remote.RemoteWebDriver.findElement(RemoteWebDriver.java:351)
	at org.openqa.selenium.support.pagefactory.DefaultElementLocator.findElement(DefaultElementLocator.java:68)
	at org.openqa.selenium.support.pagefactory.internal.LocatingElementHandler.invoke(LocatingElementHandler.java:38)
	at jdk.proxy2/jdk.proxy2.$Proxy27.isDisplayed(Unknown Source)
	at org.openqa.selenium.support.ui.ExpectedConditions.elementIfVisible(ExpectedConditions.java:304)
	at org.openqa.selenium.support.ui.ExpectedConditions$10.apply(ExpectedConditions.java:290)
	at org.openqa.selenium.support.ui.ExpectedConditions$10.apply(ExpectedConditions.java:287)
	at org.openqa.selenium.support.ui.FluentWait.until(FluentWait.java:203)
	... 33 more
... Removed 32 stack frames
</div> <!-- stack-trace -->
                </div> <!-- method-content -->
              </div> <!-- method -->
            </div> <!-- main-panel-content rounded-window-bottom -->
          </div> <!-- suite-HandMadeCraft_Demo_Application_Suite_-class-failed -->
          <div class="suite-HandMadeCraft_Demo_Application_Suite_-class-skipped">
            <div class="main-panel-header rounded-window-top">
              <img src="skipped.png"/>
              <span class="class-name">selenium.com.testcases.CartPageTest</span>
            </div> <!-- main-panel-header rounded-window-top -->
            <div class="main-panel-content rounded-window-bottom">
              <div class="method">
                <div class="method-content">
                  <a name="navigateToCheckOutPage">
                  </a> <!-- navigateToCheckOutPage -->
                  <span class="method-name">navigateToCheckOutPage</span>
                  <div class="stack-trace">java.lang.Throwable: Method selenium.com.testcases.CartPageTest.navigateToCheckOutPage() on instance selenium.com.testcases.CartPageTest@3e7dd664 depends on not successfully finished methods 
[selenium.com.testcases.CartPageTest.verifyTheProductInCart() on instance selenium.com.testcases.CartPageTest@3e7dd664]
	at java.base/java.util.ArrayList.forEach(ArrayList.java:1596)
... Removed 22 stack frames
</div> <!-- stack-trace -->
                </div> <!-- method-content -->
              </div> <!-- method -->
            </div> <!-- main-panel-content rounded-window-bottom -->
          </div> <!-- suite-HandMadeCraft_Demo_Application_Suite_-class-skipped -->
          <div class="suite-HandMadeCraft_Demo_Application_Suite_-class-skipped">
            <div class="main-panel-header rounded-window-top">
              <img src="skipped.png"/>
              <span class="class-name">selenium.com.testcases.PDPPageTest</span>
            </div> <!-- main-panel-header rounded-window-top -->
            <div class="main-panel-content rounded-window-bottom">
              <div class="method">
                <div class="method-content">
                  <a name="addProductToCart">
                  </a> <!-- addProductToCart -->
                  <span class="method-name">addProductToCart</span>
                  <div class="stack-trace">java.lang.Throwable: Method selenium.com.testcases.PDPPageTest.addProductToCart() on instance selenium.com.testcases.PDPPageTest@71c27ee8 depends on not successfully finished methods 
[selenium.com.testcases.PDPPageTest.specifyTheQuantity() on instance selenium.com.testcases.PDPPageTest@71c27ee8]
	at java.base/java.util.ArrayList.forEach(ArrayList.java:1596)
... Removed 22 stack frames
</div> <!-- stack-trace -->
                </div> <!-- method-content -->
              </div> <!-- method -->
              <div class="method">
                <div class="method-content">
                  <a name="chooseColourAndSize">
                  </a> <!-- chooseColourAndSize -->
                  <span class="method-name">chooseColourAndSize</span>
                  <div class="stack-trace">java.lang.Throwable: Method selenium.com.testcases.PDPPageTest.chooseColourAndSize() on instance selenium.com.testcases.PDPPageTest@71c27ee8 depends on not successfully finished methods 
[selenium.com.testcases.PDPPageTest.verifyTheProductName() on instance selenium.com.testcases.PDPPageTest@71c27ee8]
	at java.base/java.util.ArrayList.forEach(ArrayList.java:1596)
... Removed 22 stack frames
</div> <!-- stack-trace -->
                </div> <!-- method-content -->
              </div> <!-- method -->
              <div class="method">
                <div class="method-content">
                  <a name="navigateToCartPage">
                  </a> <!-- navigateToCartPage -->
                  <span class="method-name">navigateToCartPage</span>
                  <div class="stack-trace">java.lang.Throwable: Method selenium.com.testcases.PDPPageTest.navigateToCartPage() on instance selenium.com.testcases.PDPPageTest@71c27ee8 depends on not successfully finished methods 
[selenium.com.testcases.PDPPageTest.addProductToCart() on instance selenium.com.testcases.PDPPageTest@71c27ee8]
	at java.base/java.util.ArrayList.forEach(ArrayList.java:1596)
... Removed 22 stack frames
</div> <!-- stack-trace -->
                </div> <!-- method-content -->
              </div> <!-- method -->
              <div class="method">
                <div class="method-content">
                  <a name="specifyTheQuantity">
                  </a> <!-- specifyTheQuantity -->
                  <span class="method-name">specifyTheQuantity</span>
                  <div class="stack-trace">java.lang.Throwable: Method selenium.com.testcases.PDPPageTest.specifyTheQuantity() on instance selenium.com.testcases.PDPPageTest@71c27ee8 depends on not successfully finished methods 
[selenium.com.testcases.PDPPageTest.chooseColourAndSize() on instance selenium.com.testcases.PDPPageTest@71c27ee8]
	at java.base/java.util.ArrayList.forEach(ArrayList.java:1596)
... Removed 22 stack frames
</div> <!-- stack-trace -->
                </div> <!-- method-content -->
              </div> <!-- method -->
            </div> <!-- main-panel-content rounded-window-bottom -->
          </div> <!-- suite-HandMadeCraft_Demo_Application_Suite_-class-skipped -->
          <div class="suite-HandMadeCraft_Demo_Application_Suite_-class-skipped">
            <div class="main-panel-header rounded-window-top">
              <img src="skipped.png"/>
              <span class="class-name">selenium.com.testcases.CheckOutPageTest</span>
            </div> <!-- main-panel-header rounded-window-top -->
            <div class="main-panel-content rounded-window-bottom">
              <div class="method">
                <div class="method-content">
                  <a name="continueToDispatch">
                  </a> <!-- continueToDispatch -->
                  <span class="method-name">continueToDispatch</span>
                  <div class="stack-trace">java.lang.Throwable: Method selenium.com.testcases.CheckOutPageTest.continueToDispatch() on instance selenium.com.testcases.CheckOutPageTest@5b1ebf56 depends on not successfully finished methods 
[selenium.com.testcases.CheckOutPageTest.verifyShippingAndBillingAdressIsSelected() on instance selenium.com.testcases.CheckOutPageTest@5b1ebf56]
	at java.base/java.util.ArrayList.forEach(ArrayList.java:1596)
... Removed 22 stack frames
</div> <!-- stack-trace -->
                </div> <!-- method-content -->
              </div> <!-- method -->
              <div class="method">
                <div class="method-content">
                  <a name="continueToReviewOrder">
                  </a> <!-- continueToReviewOrder -->
                  <span class="method-name">continueToReviewOrder</span>
                  <div class="stack-trace">java.lang.Throwable: Method selenium.com.testcases.CheckOutPageTest.continueToReviewOrder() on instance selenium.com.testcases.CheckOutPageTest@5b1ebf56 depends on not successfully finished methods 
[selenium.com.testcases.CheckOutPageTest.verifyShippingMethodIsSelected() on instance selenium.com.testcases.CheckOutPageTest@5b1ebf56]
	at java.base/java.util.ArrayList.forEach(ArrayList.java:1596)
... Removed 22 stack frames
</div> <!-- stack-trace -->
                </div> <!-- method-content -->
              </div> <!-- method -->
              <div class="method">
                <div class="method-content">
                  <a name="navigateToMakePayementPage">
                  </a> <!-- navigateToMakePayementPage -->
                  <span class="method-name">navigateToMakePayementPage</span>
                  <div class="stack-trace">java.lang.Throwable: Method selenium.com.testcases.CheckOutPageTest.navigateToMakePayementPage() on instance selenium.com.testcases.CheckOutPageTest@5b1ebf56 depends on not successfully finished methods 
[selenium.com.testcases.CheckOutPageTest.continueToReviewOrder() on instance selenium.com.testcases.CheckOutPageTest@5b1ebf56]
	at java.base/java.util.ArrayList.forEach(ArrayList.java:1596)
... Removed 22 stack frames
</div> <!-- stack-trace -->
                </div> <!-- method-content -->
              </div> <!-- method -->
              <div class="method">
                <div class="method-content">
                  <a name="verifyShippingAndBillingAddress">
                  </a> <!-- verifyShippingAndBillingAddress -->
                  <span class="method-name">verifyShippingAndBillingAddress</span>
                  <div class="stack-trace">java.lang.Throwable: Method selenium.com.testcases.CheckOutPageTest.verifyShippingAndBillingAddress() on instance selenium.com.testcases.CheckOutPageTest@5b1ebf56 depends on not successfully finished methods 
[selenium.com.testcases.CheckOutPageTest.continueToDispatch() on instance selenium.com.testcases.CheckOutPageTest@5b1ebf56]
	at java.base/java.util.ArrayList.forEach(ArrayList.java:1596)
... Removed 22 stack frames
</div> <!-- stack-trace -->
                </div> <!-- method-content -->
              </div> <!-- method -->
              <div class="method">
                <div class="method-content">
                  <a name="verifyShippingMethodIsSelected">
                  </a> <!-- verifyShippingMethodIsSelected -->
                  <span class="method-name">verifyShippingMethodIsSelected</span>
                  <div class="stack-trace">java.lang.Throwable: Method selenium.com.testcases.CheckOutPageTest.verifyShippingMethodIsSelected() on instance selenium.com.testcases.CheckOutPageTest@5b1ebf56 depends on not successfully finished methods 
[selenium.com.testcases.CheckOutPageTest.verifyShippingAndBillingAddress() on instance selenium.com.testcases.CheckOutPageTest@5b1ebf56]
	at java.base/java.util.ArrayList.forEach(ArrayList.java:1596)
... Removed 22 stack frames
</div> <!-- stack-trace -->
                </div> <!-- method-content -->
              </div> <!-- method -->
            </div> <!-- main-panel-content rounded-window-bottom -->
          </div> <!-- suite-HandMadeCraft_Demo_Application_Suite_-class-skipped -->
          <div class="suite-HandMadeCraft_Demo_Application_Suite_-class-skipped">
            <div class="main-panel-header rounded-window-top">
              <img src="skipped.png"/>
              <span class="class-name">selenium.com.testcases.PaymentPageTest</span>
            </div> <!-- main-panel-header rounded-window-top -->
            <div class="main-panel-content rounded-window-bottom">
              <div class="method">
                <div class="method-content">
                  <a name="makePayment">
                  </a> <!-- makePayment -->
                  <span class="method-name">makePayment</span>
                  <div class="stack-trace">java.lang.Throwable: Method selenium.com.testcases.PaymentPageTest.makePayment() on instance selenium.com.testcases.PaymentPageTest@294a6b8e depends on not successfully finished methods 
[selenium.com.testcases.PaymentPageTest.enterPaymentDetails() on instance selenium.com.testcases.PaymentPageTest@294a6b8e]
	at java.base/java.util.ArrayList.forEach(ArrayList.java:1596)
... Removed 22 stack frames
</div> <!-- stack-trace -->
                </div> <!-- method-content -->
              </div> <!-- method -->
            </div> <!-- main-panel-content rounded-window-bottom -->
          </div> <!-- suite-HandMadeCraft_Demo_Application_Suite_-class-skipped -->
          <div class="suite-HandMadeCraft_Demo_Application_Suite_-class-passed">
            <div class="main-panel-header rounded-window-top">
              <img src="passed.png"/>
              <span class="class-name">selenium.com.testcases.LoginPageTest</span>
            </div> <!-- main-panel-header rounded-window-top -->
            <div class="main-panel-content rounded-window-bottom">
              <div class="method">
                <div class="method-content">
                  <a name="navigateToLoginPage">
                  </a> <!-- navigateToLoginPage -->
                  <span class="method-name">navigateToLoginPage</span>
                </div> <!-- method-content -->
              </div> <!-- method -->
            </div> <!-- main-panel-content rounded-window-bottom -->
          </div> <!-- suite-HandMadeCraft_Demo_Application_Suite_-class-passed -->
        </div> <!-- panel HandMadeCraft_Demo_Application_Suite_ -->
        <div panel-name="test-xml-HandMadeCraft_Demo_Application_Suite_" class="panel">
          <div class="main-panel-header rounded-window-top">
            <span class="header-content">D:\Selenium Frameworks\SeleniumFramework\TestSuite\testng.xml</span>
          </div> <!-- main-panel-header rounded-window-top -->
          <div class="main-panel-content rounded-window-bottom">
            <pre>
&lt;?xml version=&quot;1.0&quot; encoding=&quot;UTF-8&quot;?&gt;
&lt;!DOCTYPE suite SYSTEM &quot;https://testng.org/testng-1.0.dtd&quot;&gt;
&lt;suite name=&quot;HandMadeCraft Demo Application Suite &quot; guice-stage=&quot;DEVELOPMENT&quot; verbose=&quot;0&quot;&gt;
  &lt;listeners&gt;
    &lt;listener class-name=&quot;selenium.com.baseTest.ListenersTest&quot;/&gt;
  &lt;/listeners&gt;
  &lt;test thread-count=&quot;5&quot; name=&quot;HandMadeCraft Demo Application testcases&quot; verbose=&quot;0&quot;&gt;
    &lt;classes&gt;
      &lt;class name=&quot;selenium.com.testcases.LoginPageTest&quot;/&gt;
      &lt;class name=&quot;selenium.com.testcases.HomePageTest&quot;/&gt;
      &lt;class name=&quot;selenium.com.testcases.OurShopPageTest&quot;/&gt;
      &lt;class name=&quot;selenium.com.testcases.PDPPageTest&quot;/&gt;
      &lt;class name=&quot;selenium.com.testcases.CartPageTest&quot;/&gt;
      &lt;class name=&quot;selenium.com.testcases.CheckOutPageTest&quot;/&gt;
      &lt;class name=&quot;selenium.com.testcases.PaymentPageTest&quot;/&gt;
      &lt;class name=&quot;selenium.com.testcases.OrderConfirmationPageTest&quot;/&gt;
    &lt;/classes&gt;
  &lt;/test&gt; &lt;!-- HandMadeCraft Demo Application testcases --&gt;
&lt;/suite&gt; &lt;!-- HandMadeCraft Demo Application Suite  --&gt;
            </pre>
          </div> <!-- main-panel-content rounded-window-bottom -->
        </div> <!-- panel -->
        <div panel-name="testlist-HandMadeCraft_Demo_Application_Suite_" class="panel">
          <div class="main-panel-header rounded-window-top">
            <span class="header-content">Tests for HandMadeCraft Demo Application Suite </span>
          </div> <!-- main-panel-header rounded-window-top -->
          <div class="main-panel-content rounded-window-bottom">
            <ul>
              <li>
                <span class="test-name">HandMadeCraft Demo Application testcases (8 classes)</span>
              </li>
            </ul>
          </div> <!-- main-panel-content rounded-window-bottom -->
        </div> <!-- panel -->
        <div panel-name="group-HandMadeCraft_Demo_Application_Suite_" class="panel">
          <div class="main-panel-header rounded-window-top">
            <span class="header-content">Groups for HandMadeCraft Demo Application Suite </span>
          </div> <!-- main-panel-header rounded-window-top -->
          <div class="main-panel-content rounded-window-bottom">
          </div> <!-- main-panel-content rounded-window-bottom -->
        </div> <!-- panel -->
        <div panel-name="times-HandMadeCraft_Demo_Application_Suite_" class="panel">
          <div class="main-panel-header rounded-window-top">
            <span class="header-content">Times for HandMadeCraft Demo Application Suite </span>
          </div> <!-- main-panel-header rounded-window-top -->
          <div class="main-panel-content rounded-window-bottom">
            <div class="times-div">
              <script type="text/javascript">
suiteTableInitFunctions.push('tableData_HandMadeCraft_Demo_Application_Suite_');
function tableData_HandMadeCraft_Demo_Application_Suite_() {
var data = new google.visualization.DataTable();
data.addColumn('number', 'Number');
data.addColumn('string', 'Method');
data.addColumn('string', 'Class');
data.addColumn('number', 'Time (ms)');
data.addRows(22);
data.setCell(0, 0, 0)
data.setCell(0, 1, 'navigateToProductDetailPage')
data.setCell(0, 2, 'selenium.com.testcases.OurShopPageTest')
data.setCell(0, 3, 30598);
data.setCell(1, 0, 1)
data.setCell(1, 1, 'verifyTheProductInCart')
data.setCell(1, 2, 'selenium.com.testcases.CartPageTest')
data.setCell(1, 3, 20133);
data.setCell(2, 0, 2)
data.setCell(2, 1, 'enterPaymentDetails')
data.setCell(2, 2, 'selenium.com.testcases.PaymentPageTest')
data.setCell(2, 3, 20129);
data.setCell(3, 0, 3)
data.setCell(3, 1, 'verifyLogoAtNavBar')
data.setCell(3, 2, 'selenium.com.testcases.HomePageTest')
data.setCell(3, 3, 20102);
data.setCell(4, 0, 4)
data.setCell(4, 1, 'verifyTheProductName')
data.setCell(4, 2, 'selenium.com.testcases.PDPPageTest')
data.setCell(4, 3, 20089);
data.setCell(5, 0, 5)
data.setCell(5, 1, 'verifyShippingAndBillingAdressIsSelected')
data.setCell(5, 2, 'selenium.com.testcases.CheckOutPageTest')
data.setCell(5, 3, 20040);
data.setCell(6, 0, 6)
data.setCell(6, 1, 'login')
data.setCell(6, 2, 'selenium.com.testcases.LoginPageTest')
data.setCell(6, 3, 10914);
data.setCell(7, 0, 7)
data.setCell(7, 1, 'verifySuccessMessage')
data.setCell(7, 2, 'selenium.com.testcases.OrderConfirmationPageTest')
data.setCell(7, 3, 10108);
data.setCell(8, 0, 8)
data.setCell(8, 1, 'navigateToOurShopPage')
data.setCell(8, 2, 'selenium.com.testcases.HomePageTest')
data.setCell(8, 3, 10078);
data.setCell(9, 0, 9)
data.setCell(9, 1, 'verifyHeadingAtNavBar')
data.setCell(9, 2, 'selenium.com.testcases.HomePageTest')
data.setCell(9, 3, 10061);
data.setCell(10, 0, 10)
data.setCell(10, 1, 'navigateToLoginPage')
data.setCell(10, 2, 'selenium.com.testcases.LoginPageTest')
data.setCell(10, 3, 2642);
data.setCell(11, 0, 11)
data.setCell(11, 1, 'continueToDispatch')
data.setCell(11, 2, 'selenium.com.testcases.CheckOutPageTest')
data.setCell(11, 3, 0);
data.setCell(12, 0, 12)
data.setCell(12, 1, 'navigateToMakePayementPage')
data.setCell(12, 2, 'selenium.com.testcases.CheckOutPageTest')
data.setCell(12, 3, 0);
data.setCell(13, 0, 13)
data.setCell(13, 1, 'makePayment')
data.setCell(13, 2, 'selenium.com.testcases.PaymentPageTest')
data.setCell(13, 3, 0);
data.setCell(14, 0, 14)
data.setCell(14, 1, 'addProductToCart')
data.setCell(14, 2, 'selenium.com.testcases.PDPPageTest')
data.setCell(14, 3, 0);
data.setCell(15, 0, 15)
data.setCell(15, 1, 'specifyTheQuantity')
data.setCell(15, 2, 'selenium.com.testcases.PDPPageTest')
data.setCell(15, 3, 0);
data.setCell(16, 0, 16)
data.setCell(16, 1, 'navigateToCartPage')
data.setCell(16, 2, 'selenium.com.testcases.PDPPageTest')
data.setCell(16, 3, 0);
data.setCell(17, 0, 17)
data.setCell(17, 1, 'navigateToCheckOutPage')
data.setCell(17, 2, 'selenium.com.testcases.CartPageTest')
data.setCell(17, 3, 0);
data.setCell(18, 0, 18)
data.setCell(18, 1, 'verifyShippingMethodIsSelected')
data.setCell(18, 2, 'selenium.com.testcases.CheckOutPageTest')
data.setCell(18, 3, 0);
data.setCell(19, 0, 19)
data.setCell(19, 1, 'chooseColourAndSize')
data.setCell(19, 2, 'selenium.com.testcases.PDPPageTest')
data.setCell(19, 3, 0);
data.setCell(20, 0, 20)
data.setCell(20, 1, 'continueToReviewOrder')
data.setCell(20, 2, 'selenium.com.testcases.CheckOutPageTest')
data.setCell(20, 3, 0);
data.setCell(21, 0, 21)
data.setCell(21, 1, 'verifyShippingAndBillingAddress')
data.setCell(21, 2, 'selenium.com.testcases.CheckOutPageTest')
data.setCell(21, 3, 0);
window.suiteTableData['HandMadeCraft_Demo_Application_Suite_']= { tableData: data, tableDiv: 'times-div-HandMadeCraft_Demo_Application_Suite_'}
return data;
}
              </script>
              <span class="suite-total-time">Total running time: 2 minutes</span>
              <div id="times-div-HandMadeCraft_Demo_Application_Suite_">
              </div> <!-- times-div-HandMadeCraft_Demo_Application_Suite_ -->
            </div> <!-- times-div -->
          </div> <!-- main-panel-content rounded-window-bottom -->
        </div> <!-- panel -->
        <div panel-name="reporter-HandMadeCraft_Demo_Application_Suite_" class="panel">
          <div class="main-panel-header rounded-window-top">
            <span class="header-content">Reporter output for HandMadeCraft Demo Application Suite </span>
          </div> <!-- main-panel-header rounded-window-top -->
          <div class="main-panel-content rounded-window-bottom">
          </div> <!-- main-panel-content rounded-window-bottom -->
        </div> <!-- panel -->
        <div panel-name="ignored-methods-HandMadeCraft_Demo_Application_Suite_" class="panel">
          <div class="main-panel-header rounded-window-top">
            <span class="header-content">14 ignored methods</span>
          </div> <!-- main-panel-header rounded-window-top -->
          <div class="main-panel-content rounded-window-bottom">
            <div class="ignored-class-div">
              <span class="ignored-class-name">selenium.com.testcases.CartPageTest</span>
              <div class="ignored-methods-div">
                <span class="ignored-method-name">closeConnection</span>
                <br/>
                <span class="ignored-method-name">launchApplication</span>
                <br/>
              </div> <!-- ignored-methods-div -->
            </div> <!-- ignored-class-div -->
            <div class="ignored-class-div">
              <span class="ignored-class-name">selenium.com.testcases.OurShopPageTest</span>
              <div class="ignored-methods-div">
                <span class="ignored-method-name">launchApplication</span>
                <br/>
                <span class="ignored-method-name">closeConnection</span>
                <br/>
              </div> <!-- ignored-methods-div -->
            </div> <!-- ignored-class-div -->
            <div class="ignored-class-div">
              <span class="ignored-class-name">selenium.com.testcases.PDPPageTest</span>
              <div class="ignored-methods-div">
                <span class="ignored-method-name">launchApplication</span>
                <br/>
                <span class="ignored-method-name">closeConnection</span>
                <br/>
              </div> <!-- ignored-methods-div -->
            </div> <!-- ignored-class-div -->
            <div class="ignored-class-div">
              <span class="ignored-class-name">selenium.com.testcases.OrderConfirmationPageTest</span>
              <div class="ignored-methods-div">
                <span class="ignored-method-name">launchApplication</span>
                <br/>
                <span class="ignored-method-name">closeConnection</span>
                <br/>
              </div> <!-- ignored-methods-div -->
            </div> <!-- ignored-class-div -->
            <div class="ignored-class-div">
              <span class="ignored-class-name">selenium.com.testcases.HomePageTest</span>
              <div class="ignored-methods-div">
                <span class="ignored-method-name">closeConnection</span>
                <br/>
                <span class="ignored-method-name">launchApplication</span>
                <br/>
              </div> <!-- ignored-methods-div -->
            </div> <!-- ignored-class-div -->
            <div class="ignored-class-div">
              <span class="ignored-class-name">selenium.com.testcases.CheckOutPageTest</span>
              <div class="ignored-methods-div">
                <span class="ignored-method-name">closeConnection</span>
                <br/>
                <span class="ignored-method-name">launchApplication</span>
                <br/>
              </div> <!-- ignored-methods-div -->
            </div> <!-- ignored-class-div -->
            <div class="ignored-class-div">
              <span class="ignored-class-name">selenium.com.testcases.PaymentPageTest</span>
              <div class="ignored-methods-div">
                <span class="ignored-method-name">launchApplication</span>
                <br/>
                <span class="ignored-method-name">closeConnection</span>
                <br/>
              </div> <!-- ignored-methods-div -->
            </div> <!-- ignored-class-div -->
          </div> <!-- main-panel-content rounded-window-bottom -->
        </div> <!-- panel -->
        <div panel-name="chronological-HandMadeCraft_Demo_Application_Suite_" class="panel">
          <div class="main-panel-header rounded-window-top">
            <span class="header-content">Methods in chronological order</span>
          </div> <!-- main-panel-header rounded-window-top -->
          <div class="main-panel-content rounded-window-bottom">
            <div class="chronological-class">
              <div class="chronological-class-name">selenium.com.testcases.LoginPageTest</div> <!-- chronological-class-name -->
              <div class="configuration-suite before">
                <span class="method-name">launchApplication</span>
                <span class="method-start">0 ms</span>
              </div> <!-- configuration-suite before -->
              <div class="test-method">
                <span class="method-name">navigateToLoginPage</span>
                <span class="method-start">6404 ms</span>
              </div> <!-- test-method -->
              <div class="test-method">
                <img src="failed.png">
                </img>
                <span class="method-name">login</span>
                <span class="method-start">9356 ms</span>
              </div> <!-- test-method -->
            </div> <!-- chronological-class -->
            <div class="chronological-class">
              <div class="chronological-class-name">selenium.com.testcases.HomePageTest</div> <!-- chronological-class-name -->
              <div class="configuration-method before">
                <span class="method-name">setUpPage</span>
                <span class="method-start">20456 ms</span>
              </div> <!-- configuration-method before -->
              <div class="test-method">
                <img src="failed.png">
                </img>
                <span class="method-name">verifyLogoAtNavBar</span>
                <span class="method-start">20492 ms</span>
              </div> <!-- test-method -->
              <div class="configuration-method before">
                <span class="method-name">setUpPage</span>
                <span class="method-start">40758 ms</span>
              </div> <!-- configuration-method before -->
              <div class="test-method">
                <img src="failed.png">
                </img>
                <span class="method-name">verifyHeadingAtNavBar</span>
                <span class="method-start">40758 ms</span>
              </div> <!-- test-method -->
              <div class="test-method">
                <img src="failed.png">
                </img>
                <span class="method-name">navigateToOurShopPage</span>
                <span class="method-start">50934 ms</span>
              </div> <!-- test-method -->
              <div class="configuration-method before">
                <span class="method-name">setUpPage</span>
                <span class="method-start">50934 ms</span>
              </div> <!-- configuration-method before -->
            </div> <!-- chronological-class -->
            <div class="chronological-class">
              <div class="chronological-class-name">selenium.com.testcases.OurShopPageTest</div> <!-- chronological-class-name -->
              <div class="configuration-method before">
                <span class="method-name">setup</span>
                <span class="method-start">61145 ms</span>
              </div> <!-- configuration-method before -->
              <div class="test-method">
                <img src="failed.png">
                </img>
                <span class="method-name">navigateToProductDetailPage</span>
                <span class="method-start">61152 ms</span>
              </div> <!-- test-method -->
            </div> <!-- chronological-class -->
            <div class="chronological-class">
              <div class="chronological-class-name">selenium.com.testcases.PDPPageTest</div> <!-- chronological-class-name -->
              <div class="configuration-method before">
                <span class="method-name">setup</span>
                <span class="method-start">91874 ms</span>
              </div> <!-- configuration-method before -->
              <div class="test-method">
                <img src="failed.png">
                </img>
                <span class="method-name">verifyTheProductName</span>
                <span class="method-start">91879 ms</span>
              </div> <!-- test-method -->
              <div class="test-method">
                <span class="method-name">specifyTheQuantity</span>
                <span class="method-start">112112 ms</span>
              </div> <!-- test-method -->
              <div class="test-method">
                <span class="method-name">chooseColourAndSize</span>
                <span class="method-start">112112 ms</span>
              </div> <!-- test-method -->
              <div class="test-method">
                <span class="method-name">addProductToCart</span>
                <span class="method-start">112112 ms</span>
              </div> <!-- test-method -->
              <div class="test-method">
                <span class="method-name">navigateToCartPage</span>
                <span class="method-start">112125 ms</span>
              </div> <!-- test-method -->
            </div> <!-- chronological-class -->
            <div class="chronological-class">
              <div class="chronological-class-name">selenium.com.testcases.CartPageTest</div> <!-- chronological-class-name -->
              <div class="configuration-method before">
                <span class="method-name">setup</span>
                <span class="method-start">112131 ms</span>
              </div> <!-- configuration-method before -->
              <div class="test-method">
                <img src="failed.png">
                </img>
                <span class="method-name">verifyTheProductInCart</span>
                <span class="method-start">112132 ms</span>
              </div> <!-- test-method -->
              <div class="test-method">
                <span class="method-name">navigateToCheckOutPage</span>
                <span class="method-start">132367 ms</span>
              </div> <!-- test-method -->
            </div> <!-- chronological-class -->
            <div class="chronological-class">
              <div class="chronological-class-name">selenium.com.testcases.CheckOutPageTest</div> <!-- chronological-class-name -->
              <div class="test-method">
                <img src="failed.png">
                </img>
                <span class="method-name">verifyShippingAndBillingAdressIsSelected</span>
                <span class="method-start">132373 ms</span>
              </div> <!-- test-method -->
              <div class="configuration-method before">
                <span class="method-name">setup</span>
                <span class="method-start">132373 ms</span>
              </div> <!-- configuration-method before -->
              <div class="test-method">
                <span class="method-name">continueToDispatch</span>
                <span class="method-start">152533 ms</span>
              </div> <!-- test-method -->
              <div class="test-method">
                <span class="method-name">verifyShippingAndBillingAddress</span>
                <span class="method-start">152533 ms</span>
              </div> <!-- test-method -->
              <div class="test-method">
                <span class="method-name">verifyShippingMethodIsSelected</span>
                <span class="method-start">152533 ms</span>
              </div> <!-- test-method -->
              <div class="test-method">
                <span class="method-name">continueToReviewOrder</span>
                <span class="method-start">152533 ms</span>
              </div> <!-- test-method -->
            </div> <!-- chronological-class -->
            <div class="chronological-class">
              <div class="chronological-class-name">selenium.com.testcases.PaymentPageTest</div> <!-- chronological-class-name -->
              <div class="test-method">
                <img src="failed.png">
                </img>
                <span class="method-name">enterPaymentDetails</span>
                <span class="method-start">152549 ms</span>
              </div> <!-- test-method -->
            </div> <!-- chronological-class -->
            <div class="chronological-class">
              <div class="chronological-class-name">selenium.com.testcases.CheckOutPageTest</div> <!-- chronological-class-name -->
              <div class="test-method">
                <span class="method-name">navigateToMakePayementPage</span>
                <span class="method-start">152549 ms</span>
              </div> <!-- test-method -->
            </div> <!-- chronological-class -->
            <div class="chronological-class">
              <div class="chronological-class-name">selenium.com.testcases.PaymentPageTest</div> <!-- chronological-class-name -->
              <div class="configuration-method before">
                <span class="method-name">setup</span>
                <span class="method-start">152549 ms</span>
              </div> <!-- configuration-method before -->
              <div class="test-method">
                <span class="method-name">makePayment</span>
                <span class="method-start">172787 ms</span>
              </div> <!-- test-method -->
            </div> <!-- chronological-class -->
            <div class="chronological-class">
              <div class="chronological-class-name">selenium.com.testcases.OrderConfirmationPageTest</div> <!-- chronological-class-name -->
              <div class="configuration-method before">
                <span class="method-name">setup</span>
                <span class="method-start">172793 ms</span>
              </div> <!-- configuration-method before -->
              <div class="test-method">
                <img src="failed.png">
                </img>
                <span class="method-name">verifySuccessMessage</span>
                <span class="method-start">172795 ms</span>
              </div> <!-- test-method -->
            </div> <!-- chronological-class -->
            <div class="chronological-class">
              <div class="chronological-class-name">selenium.com.testcases.LoginPageTest</div> <!-- chronological-class-name -->
              <div class="configuration-suite after">
                <span class="method-name">closeConnection</span>
                <span class="method-start">183976 ms</span>
              </div> <!-- configuration-suite after -->
          </div> <!-- main-panel-content rounded-window-bottom -->
        </div> <!-- panel -->
      </div> <!-- main-panel-root -->
    </div> <!-- wrapper -->
  </body>
<script type="text/javascript" src="testng-reports2.js"></script>
</html>
